INFO:root:Start to create graph!
INFO:root:Start to train!
INFO:root:Start to create graph!
INFO:root:Start to train!
INFO:root:Epoch: 500
INFO:root:elbo: -15596.947265625, F: -13400.7578125, KL_U:2109.957763671875, KL_X:2254.35888671875, KL_ZX:0.0561271607875824
INFO:root:lp_train: -0.5417007803916931
INFO:root:Epoch: 1000
INFO:root:elbo: -15883.1103515625, F: -12894.998046875, KL_U:1265.28125, KL_X:1702.3280029296875, KL_ZX:0.0410061776638031
INFO:root:lp_train: -0.5090205073356628
INFO:root:Epoch: 1500
INFO:root:elbo: -14399.55078125, F: -11704.408203125, KL_U:1349.1397705078125, KL_X:1334.106689453125, KL_ZX:0.023792356252670288
INFO:root:lp_train: -0.45349496603012085
INFO:root:Epoch: 2000
INFO:root:elbo: -13881.2802734375, F: -11205.076171875, KL_U:1424.077880859375, KL_X:1246.068115234375, KL_ZX:0.01211635023355484
INFO:root:lp_train: -0.42576953768730164
INFO:root:Epoch: 2500
INFO:root:elbo: -13727.625, F: -10983.755859375, KL_U:1485.608154296875, KL_X:1254.3515625, KL_ZX:0.007817834615707397
INFO:root:lp_train: -0.4109759032726288
INFO:root:Epoch: 3000
INFO:root:elbo: -13560.419921875, F: -10755.8212890625, KL_U:1526.591064453125, KL_X:1274.442138671875, KL_ZX:0.007130354642868042
INFO:root:lp_train: -0.4017399847507477
INFO:root:Epoch: 3500
INFO:root:elbo: -13465.0625, F: -10601.6201171875, KL_U:1564.516357421875, KL_X:1296.116943359375, KL_ZX:0.00561932846903801
INFO:root:lp_train: -0.39370831847190857
INFO:root:Epoch: 4000
INFO:root:elbo: -13373.8095703125, F: -10450.8974609375, KL_U:1601.916015625, KL_X:1318.334716796875, KL_ZX:0.005322188138961792
INFO:root:lp_train: -0.3869692385196686
INFO:root:Epoch: 4500
INFO:root:elbo: -13342.3251953125, F: -10364.6669921875, KL_U:1636.899658203125, KL_X:1337.995849609375, KL_ZX:0.005524955689907074
INFO:root:lp_train: -0.3818645477294922
INFO:root:Epoch: 5000
INFO:root:elbo: -13265.328125, F: -10240.6298828125, KL_U:1667.72998046875, KL_X:1354.0311279296875, KL_ZX:0.005875237286090851
INFO:root:lp_train: -0.37807413935661316
INFO:root:Hyper-parameters in covariance functions is [[ 2.48513794  0.97685897  1.0417937 ]
 [ 1.87648487  0.9088046   0.77073562]
 [ 1.06658423  0.82830888  0.50389737]
 [ 1.33433247  0.90196002  0.5033887 ]
 [ 1.09671021  0.88557208  0.64449698]
 [ 2.41484642  1.16946054  0.70017284]
 [ 3.23915482  1.58685744  0.6510703 ]
 [ 1.96375477  1.70837843  0.58179939]
 [ 1.39088941  0.89863276  0.73235983]
 [ 1.30317903  0.71037328  0.83206362]
 [ 1.59109139  0.83315718  0.70869434]
 [ 1.49657416  0.88154852  0.62309939]
 [ 1.29240942  0.81523812  0.81053412]
 [ 1.8563472   0.92388904  0.71048313]
 [ 2.95262289  1.03381026  0.70456386]
 [ 3.03748059  2.04878879  0.76159805]
 [ 0.75094545  0.63186872  0.74562025]
 [ 0.67860496  0.63584656  0.67486888]
 [ 1.5196203   0.90938693  0.56355566]
 [ 2.1379652   0.49865294  1.27774894]
 [ 1.9159162   0.5784694   0.97997767]
 [ 0.89119494  0.50662732  0.8385421 ]
 [ 1.80684972  0.47259501  0.88371527]
 [ 2.40100646  0.8429352   0.88295263]
 [ 2.06166697  0.6703161   0.92589331]
 [ 1.210621    0.7430799   0.60874581]
 [ 1.65972817  1.01951015  0.55480719]
 [ 2.44597697  0.73429215  1.02182877]
 [ 1.8171227   0.57761192  1.08683276]
 [ 0.74274218  0.50683302  0.99430996]
 [ 1.27007699  0.49842361  1.10658669]
 [ 1.33549905  0.57711041  0.88907325]
 [ 2.20162463  0.62898773  1.32938194]
 [ 1.34139919  0.70455539  0.69272768]
 [ 2.0066061   0.8645553   0.59194386]
 [ 2.13526106  0.78931463  0.81954539]
 [ 1.81375718  0.49895746  1.14701605]
 [ 0.55477393  0.49260247  0.81912601]
 [ 1.06946802  0.61747146  1.08617949]
 [ 0.94430703  0.72995651  0.68958485]
 [ 2.87643623  0.67954242  1.65663075]
 [ 1.2751503   0.48147371  2.0654242 ]
 [ 1.24350095  0.5773049   1.39020753]
 [ 1.84357202  0.48970813  1.68249798]
 [ 1.07394016  0.4243291   1.55538976]
 [ 0.99617666  0.46860558  0.97201371]
 [ 0.73166215  0.62350869  0.72342807]
 [ 1.03725612  0.82101721  0.81977069]
 [ 3.00465822  0.73115861  1.36132884]
 [ 1.74511409  0.6736632   2.08251047]
 [ 1.09822905  0.56858772  1.30519807]
 [ 1.21645892  0.60771602  0.96096104]
 [ 0.79629445  0.50618309  1.10803771]
 [ 0.68787092  0.5895192   1.14199507]
 [ 1.13236558  0.71484756  0.67086315]
 [ 1.62432027  1.11253655  0.57416618]
 [ 3.23327184  1.0931797   1.03117836]
 [ 1.94260168  1.35484707  1.62943566]
 [ 0.87777203  0.91099566  0.84569567]
 [ 1.77220166  0.55089694  1.05425596]
 [ 1.66675615  0.55763203  1.47956455]
 [ 1.1475389   0.85319716  0.67337471]
 [ 1.06831205  0.78625894  0.60707557]
 [ 2.42445421  0.9039669   0.49984419]
 [ 1.55796194  0.83614546  0.77383959]
 [ 1.9543395   0.95335579  0.95943707]
 [ 0.94697905  0.76887238  0.88885534]
 [ 1.4146328   0.76218677  1.07315099]
 [ 1.16813791  0.69317335  1.26431501]
 [ 0.65945274  0.70679086  0.72451758]
 [ 0.82832164  0.60559809  0.59114468]
 [ 2.13217449  1.03544819  0.51907879]
 [ 1.28609288  1.07374704  0.82728952]
 [ 1.59688139  0.844455    0.6452589 ]
 [ 3.71508622  1.00957239  0.89592206]
 [ 3.32181692  1.20180237  0.74521232]
 [ 2.47389174  1.19137049  0.6255334 ]
 [ 1.74417758  0.89200491  0.63568968]
 [ 1.07443285  0.78106749  0.66674966]
 [ 1.48739839  0.91141933  0.57674444]]
INFO:root:Standard deviations of variational distribution for embedding inputs are [[ 0.10263035  0.09164276]
 [ 0.085907    0.10719324]
 [ 0.08662882  0.12857878]
 [ 0.09528383  0.10779731]
 [ 0.0797807   0.09116266]
 [ 0.09957708  0.1175433 ]
 [ 0.09788224  0.10020317]
 [ 0.10565895  0.1061798 ]
 [ 0.09148735  0.096782  ]
 [ 0.08617321  0.07856609]
 [ 0.09394818  0.08418931]
 [ 0.10075702  0.10090002]
 [ 0.09215146  0.08942363]
 [ 0.09888354  0.09030724]
 [ 0.0828258   0.09325684]
 [ 0.09774442  0.13755687]
 [ 0.08600629  0.09462599]
 [ 0.11420473  0.08944214]
 [ 0.09417345  0.12390042]
 [ 0.09416261  0.09648567]
 [ 0.08670803  0.07818908]
 [ 0.09683525  0.10888412]
 [ 0.0874409   0.09851451]
 [ 0.10636829  0.09842293]
 [ 0.09509397  0.10876183]
 [ 0.08034874  0.09894028]
 [ 0.09214342  0.09643291]
 [ 0.08701564  0.09464304]
 [ 0.11225945  0.16445169]
 [ 0.10740019  0.10687415]
 [ 0.10560652  0.09805666]
 [ 0.10513966  0.10733494]
 [ 0.09150024  0.09787324]
 [ 0.08826825  0.09030598]
 [ 0.09426746  0.09600718]
 [ 0.07602482  0.06733428]
 [ 0.07514919  0.06909994]
 [ 0.08859456  0.1027195 ]
 [ 0.09614689  0.08973736]
 [ 0.10837547  0.08482619]
 [ 0.09695341  0.09105197]
 [ 0.10381921  0.08316669]
 [ 0.07320677  0.06829087]
 [ 0.09943047  0.11306877]
 [ 0.11464291  0.08504398]
 [ 0.08293197  0.07526567]
 [ 0.09702149  0.07969134]
 [ 0.08840889  0.07953303]
 [ 0.07796531  0.07220647]
 [ 0.09322656  0.08228563]
 [ 0.07800802  0.0710742 ]
 [ 0.09978308  0.07967345]
 [ 0.07646462  0.07576685]
 [ 0.08046005  0.06919427]
 [ 0.08858541  0.07317313]
 [ 0.08430434  0.08017008]
 [ 0.09149474  0.07844192]
 [ 0.09725943  0.08990799]
 [ 0.10357371  0.07252233]
 [ 0.1025601   0.08594648]
 [ 0.08862691  0.10449279]
 [ 0.11001194  0.11194802]
 [ 0.10945392  0.10290685]
 [ 0.07931642  0.09264214]
 [ 0.10079327  0.10005559]
 [ 0.0758076   0.09714928]
 [ 0.079099    0.09657525]
 [ 0.121192    0.11347909]
 [ 0.09098589  0.08185741]
 [ 0.10364732  0.17533296]
 [ 0.08858788  0.10162256]
 [ 0.14156206  0.09898381]
 [ 0.11835416  0.09406964]
 [ 0.0977784   0.10936289]
 [ 0.09998882  0.1202025 ]
 [ 0.09467437  0.09215562]
 [ 0.0903025   0.09526302]
 [ 0.08687069  0.10263434]
 [ 0.11317074  0.10057989]
 [ 0.10026595  0.09451923]
 [ 0.0870009   0.11816084]
 [ 0.0967074   0.11145836]
 [ 0.08509217  0.0958193 ]
 [ 0.09145752  0.09105763]
 [ 0.10853036  0.09663402]
 [ 0.08675613  0.11991602]
 [ 0.07779321  0.11342845]
 [ 0.0769063   0.10309705]
 [ 0.08817603  0.10778875]
 [ 0.09378447  0.08867262]
 [ 0.0848825   0.09446058]
 [ 0.09780774  0.0851317 ]
 [ 0.08608072  0.09583098]
 [ 0.08079615  0.09129921]
 [ 0.0911519   0.10391058]
 [ 0.09125513  0.08508217]
 [ 0.09157431  0.09252186]
 [ 0.08569877  0.11424279]
 [ 0.09180393  0.11815306]
 [ 0.07696895  0.09122034]
 [ 0.08286094  0.09542669]
 [ 0.09437086  0.10105984]
 [ 0.08066207  0.12992828]
 [ 0.08507136  0.09766717]
 [ 0.08555688  0.0946678 ]
 [ 0.08370578  0.09482434]
 [ 0.10093912  0.09621823]
 [ 0.09748841  0.08680556]
 [ 0.07831588  0.09400334]
 [ 0.08076718  0.08940611]
 [ 0.0913194   0.08895287]
 [ 0.10197981  0.0933332 ]
 [ 0.08523613  0.10165951]
 [ 0.09908742  0.12585355]
 [ 0.07869007  0.11469329]
 [ 0.08364082  0.09851386]
 [ 0.09654614  0.09250823]
 [ 0.0950634   0.10301153]
 [ 0.07916324  0.08961596]
 [ 0.08953875  0.0884148 ]
 [ 0.11394107  0.1039629 ]
 [ 0.11624075  0.1695538 ]
 [ 0.09617956  0.09509503]
 [ 0.08283198  0.10521793]
 [ 0.08717115  0.08452156]
 [ 0.10008422  0.08195619]
 [ 0.09230433  0.12891527]
 [ 0.08080258  0.07875905]
 [ 0.08145951  0.0810715 ]
 [ 0.07770368  0.08106629]
 [ 0.12119813  0.09062566]
 [ 0.11376835  0.10141525]
 [ 0.09541095  0.10197879]
 [ 0.10034673  0.08359563]
 [ 0.11294726  0.07321084]
 [ 0.10019536  0.09225509]
 [ 0.09779321  0.08785497]
 [ 0.09385227  0.08770667]
 [ 0.10329684  0.07683611]
 [ 0.14733748  0.13502182]
 [ 0.09937625  0.09009167]
 [ 0.09807447  0.14570603]
 [ 0.0936375   0.1026838 ]
 [ 0.08751304  0.11222303]
 [ 0.0836902   0.09009255]
 [ 0.08241869  0.09365097]
 [ 0.10791377  0.1311879 ]
 [ 0.13552168  0.10150427]
 [ 0.09131053  0.08924221]
 [ 0.09322167  0.08278991]
 [ 0.08528128  0.12639496]
 [ 0.0855971   0.08658018]
 [ 0.08433387  0.08564147]
 [ 0.10281619  0.09359231]
 [ 0.10746684  0.10491092]
 [ 0.08689648  0.08359371]
 [ 0.07171906  0.08879465]
 [ 0.07467414  0.10106675]
 [ 0.07305527  0.093182  ]
 [ 0.08418024  0.08782785]
 [ 0.07656878  0.11017806]
 [ 0.08201669  0.07842989]
 [ 0.09015363  0.10418735]
 [ 0.07828154  0.11443064]
 [ 0.09712383  0.11073135]
 [ 0.07613178  0.10460092]
 [ 0.0834315   0.10812362]
 [ 0.08764292  0.09867457]
 [ 0.08848272  0.11028787]
 [ 0.09833851  0.09320658]
 [ 0.08553047  0.11232528]
 [ 0.08213815  0.11852026]
 [ 0.08549119  0.08789533]
 [ 0.11826047  0.11363406]
 [ 0.08702525  0.10331851]
 [ 0.08153193  0.08420818]
 [ 0.09224343  0.09232529]
 [ 0.09579945  0.09817554]
 [ 0.09017776  0.12471155]
 [ 0.08413258  0.0878776 ]
 [ 0.10721954  0.11761273]
 [ 0.09314916  0.09010153]
 [ 0.07829681  0.10772979]
 [ 0.10706681  0.10263202]
 [ 0.09406354  0.11622272]
 [ 0.11233833  0.11813478]
 [ 0.10597017  0.09516679]
 [ 0.13392538  0.10625088]
 [ 0.1103732   0.10723554]
 [ 0.13542539  0.0911428 ]
 [ 0.0923      0.10238048]
 [ 0.12023772  0.08364551]
 [ 0.11583886  0.11428113]
 [ 0.09346527  0.11534519]
 [ 0.15121306  0.1186086 ]
 [ 0.1204861   0.11486726]
 [ 0.10868485  0.09742105]
 [ 0.10358798  0.1100177 ]
 [ 0.15034279  0.12943982]
 [ 0.12520769  0.10414886]
 [ 0.11069727  0.11858332]
 [ 0.11010469  0.10486868]
 [ 0.08913369  0.10228287]
 [ 0.10017955  0.10080659]
 [ 0.11485748  0.07357696]
 [ 0.10933326  0.08975051]
 [ 0.11864536  0.10233966]
 [ 0.10761486  0.11912103]
 [ 0.08827107  0.09221379]
 [ 0.10410951  0.10151078]
 [ 0.09964239  0.12244289]
 [ 0.10221914  0.0977743 ]
 [ 0.09526353  0.11090264]
 [ 0.09399064  0.1129163 ]
 [ 0.10166271  0.11079399]
 [ 0.09870142  0.14367217]
 [ 0.10965326  0.12900293]
 [ 0.10624726  0.13181442]
 [ 0.09703299  0.13474509]
 [ 0.10263164  0.10951853]
 [ 0.10932263  0.08067415]
 [ 0.10767063  0.13252826]
 [ 0.096672    0.11021526]
 [ 0.10043654  0.10492853]
 [ 0.12614799  0.10957909]
 [ 0.0952106   0.10666727]
 [ 0.09802987  0.13263845]
 [ 0.10094173  0.11542717]
 [ 0.09063255  0.09656437]
 [ 0.11412519  0.09066026]
 [ 0.09798898  0.15536326]
 [ 0.0991935   0.11854587]
 [ 0.10713348  0.11724267]
 [ 0.10317963  0.12115649]
 [ 0.10182262  0.08874489]
 [ 0.09990373  0.11841025]
 [ 0.11014636  0.11701173]
 [ 0.1062746   0.10752374]
 [ 0.09820567  0.09538686]
 [ 0.09831864  0.11751158]
 [ 0.08740912  0.0884796 ]
 [ 0.09082291  0.11166729]
 [ 0.08900301  0.11120421]
 [ 0.09830565  0.12063397]
 [ 0.09947768  0.11392399]
 [ 0.13810912  0.13415819]
 [ 0.14384879  0.12660713]
 [ 0.10093226  0.11438607]
 [ 0.10871838  0.13525638]
 [ 0.10554878  0.13598211]
 [ 0.12418306  0.12740178]
 [ 0.10302155  0.11866055]
 [ 0.08498443  0.09001599]
 [ 0.09426553  0.14008565]
 [ 0.09411298  0.12907337]
 [ 0.07434916  0.08912008]
 [ 0.10110924  0.08442636]
 [ 0.08250012  0.09394023]
 [ 0.07879872  0.09948304]
 [ 0.08303717  0.12692754]
 [ 0.11141415  0.12583582]
 [ 0.09293365  0.09903447]
 [ 0.10062116  0.08706803]
 [ 0.07759617  0.09055507]
 [ 0.09583423  0.11919229]
 [ 0.09777479  0.08214185]
 [ 0.08442823  0.0948413 ]
 [ 0.09576609  0.10709377]
 [ 0.10787158  0.17827377]
 [ 0.09487814  0.20867363]
 [ 0.10381067  0.12446192]
 [ 0.12100049  0.09969819]
 [ 0.07987636  0.10038002]
 [ 0.0903734   0.15835148]
 [ 0.08638483  0.10178201]
 [ 0.09484737  0.09324437]
 [ 0.11242495  0.0925731 ]
 [ 0.09591193  0.1132173 ]
 [ 0.0947198   0.10942911]
 [ 0.08463547  0.10458007]
 [ 0.10451806  0.09247601]
 [ 0.08394931  0.11268576]
 [ 0.10284755  0.09365887]
 [ 0.09314773  0.09984181]
 [ 0.09054871  0.09710862]
 [ 0.09612195  0.10790925]
 [ 0.09651597  0.09623431]
 [ 0.14965147  0.09937613]
 [ 0.08164436  0.10816812]
 [ 0.09424932  0.11767043]
 [ 0.0975088   0.10168135]
 [ 0.08778337  0.10150667]
 [ 0.09679291  0.12758048]
 [ 0.08426078  0.0967288 ]
 [ 0.08808146  0.10250566]
 [ 0.08203104  0.1109184 ]
 [ 0.09735678  0.08938155]
 [ 0.10987647  0.10089834]
 [ 0.10197599  0.09170084]
 [ 0.09174529  0.11611883]]
INFO:root:Standard deviations of prior distribution for embedding inputs are 1.0
INFO:root:Start to create graph!
INFO:tensorflow:Restoring parameters from ./model/model_tem.ckpt
INFO:root:Start to test!
INFO:root:Epoch: 50
INFO:root:acc_test_pred: 0.7527777552604675
INFO:root:lp_test_pred: -0.5058466792106628
INFO:root:Epoch: 100
INFO:root:acc_test_pred: 0.7555555701255798
INFO:root:lp_test_pred: -0.5035473108291626
INFO:root:Epoch: 150
INFO:root:acc_test_pred: 0.7576388716697693
INFO:root:lp_test_pred: -0.5025461912155151
INFO:root:Epoch: 200
INFO:root:acc_test_pred: 0.7576388716697693
INFO:root:lp_test_pred: -0.5025439858436584
INFO:root:Start to test!
INFO:root:Epoch: 50
INFO:root:acc_test_pred: 0.7611111402511597
INFO:root:lp_test_pred: -0.5045841932296753
INFO:root:Epoch: 100
INFO:root:acc_test_pred: 0.761805534362793
INFO:root:lp_test_pred: -0.504497766494751
INFO:root:Epoch: 150
INFO:root:acc_test_pred: 0.7590277791023254
INFO:root:lp_test_pred: -0.5040744543075562
INFO:root:Epoch: 200
INFO:root:acc_test_pred: 0.7590277791023254
INFO:root:lp_test_pred: -0.502662718296051
INFO:root:Start to test!
INFO:root:Epoch: 50
INFO:root:acc_test_pred: 0.7701388597488403
INFO:root:lp_test_pred: -0.5028183460235596
INFO:root:Epoch: 100
INFO:root:acc_test_pred: 0.7701388597488403
INFO:root:lp_test_pred: -0.5031007528305054
INFO:root:Epoch: 150
INFO:root:acc_test_pred: 0.7680555582046509
INFO:root:lp_test_pred: -0.5042282342910767
INFO:root:Epoch: 200
INFO:root:acc_test_pred: 0.7666666507720947
INFO:root:lp_test_pred: -0.5048971176147461
INFO:root:Start to test!
INFO:root:Epoch: 50
INFO:root:acc_test_pred: 0.75
INFO:root:lp_test_pred: -0.5189202427864075
INFO:root:Epoch: 100
INFO:root:acc_test_pred: 0.7465277910232544
INFO:root:lp_test_pred: -0.5159026980400085
INFO:root:Epoch: 150
INFO:root:acc_test_pred: 0.7465277910232544
INFO:root:lp_test_pred: -0.5146704912185669
INFO:root:Epoch: 200
INFO:root:acc_test_pred: 0.7451388835906982
INFO:root:lp_test_pred: -0.5141307711601257
INFO:root:Start to test!
INFO:root:Epoch: 50
INFO:root:acc_test_pred: 0.75
INFO:root:lp_test_pred: -0.5211964845657349
INFO:root:Epoch: 100
INFO:root:acc_test_pred: 0.7527777552604675
INFO:root:lp_test_pred: -0.5206060409545898
INFO:root:Epoch: 150
INFO:root:acc_test_pred: 0.7513889074325562
INFO:root:lp_test_pred: -0.5202023983001709
INFO:root:Epoch: 200
INFO:root:acc_test_pred: 0.7513889074325562
INFO:root:lp_test_pred: -0.5200378894805908
INFO:root:Start to test!
INFO:root:Epoch: 50
INFO:root:acc_test_pred: 0.7409722208976746
INFO:root:lp_test_pred: -0.5202105641365051
INFO:root:Epoch: 100
INFO:root:acc_test_pred: 0.7416666746139526
INFO:root:lp_test_pred: -0.5147907733917236
INFO:root:Epoch: 150
INFO:root:acc_test_pred: 0.7402777671813965
INFO:root:lp_test_pred: -0.5130500793457031
INFO:root:Epoch: 200
INFO:root:acc_test_pred: 0.7395833134651184
INFO:root:lp_test_pred: -0.5128365159034729
INFO:root:Start to test!
INFO:root:Epoch: 50
INFO:root:acc_test_pred: 0.7756944298744202
INFO:root:lp_test_pred: -0.491853803396225
INFO:root:Epoch: 100
INFO:root:acc_test_pred: 0.7763888835906982
INFO:root:lp_test_pred: -0.4917764365673065
INFO:root:Epoch: 150
INFO:root:acc_test_pred: 0.7749999761581421
INFO:root:lp_test_pred: -0.49175092577934265
INFO:root:Epoch: 200
INFO:root:acc_test_pred: 0.7749999761581421
INFO:root:lp_test_pred: -0.4917762875556946
INFO:root:Start to test!
INFO:root:Epoch: 50
INFO:root:acc_test_pred: 0.7611111402511597
INFO:root:lp_test_pred: -0.5004918575286865
INFO:root:Epoch: 100
INFO:root:acc_test_pred: 0.7576388716697693
INFO:root:lp_test_pred: -0.5030269026756287
INFO:root:Epoch: 150
INFO:root:acc_test_pred: 0.7562500238418579
INFO:root:lp_test_pred: -0.5034321546554565
INFO:root:Epoch: 200
INFO:root:acc_test_pred: 0.7562500238418579
INFO:root:lp_test_pred: -0.5033942461013794
INFO:root:Start to test!
INFO:root:Epoch: 50
INFO:root:acc_test_pred: 0.7298611402511597
INFO:root:lp_test_pred: -0.5338982939720154
INFO:root:Epoch: 100
INFO:root:acc_test_pred: 0.7298611402511597
INFO:root:lp_test_pred: -0.5341122150421143
INFO:root:Epoch: 150
INFO:root:acc_test_pred: 0.7298611402511597
INFO:root:lp_test_pred: -0.535080075263977
INFO:root:Epoch: 200
INFO:root:acc_test_pred: 0.7298611402511597
INFO:root:lp_test_pred: -0.5352792143821716
INFO:root:Start to test!
INFO:root:Epoch: 50
INFO:root:acc_test_pred: 0.7395833134651184
INFO:root:lp_test_pred: -0.5457735061645508
INFO:root:Epoch: 100
INFO:root:acc_test_pred: 0.7402777671813965
INFO:root:lp_test_pred: -0.5446949005126953
INFO:root:Epoch: 150
INFO:root:acc_test_pred: 0.7395833134651184
INFO:root:lp_test_pred: -0.5445314645767212
INFO:root:Epoch: 200
INFO:root:acc_test_pred: 0.7395833134651184
INFO:root:lp_test_pred: -0.5445341467857361
INFO:root:The mean of lp_test_pred_list = -0.5132092833518982
INFO:root:The std of lp_test_pred_list = 0.015380916185677052
INFO:root:The mean of lp_test_pred_list = 0.7520139217376709
INFO:root:The std of lp_test_pred_list = 0.012997240759432316
