INFO:root:Start to create graph!
INFO:root:Start to train!
INFO:root:Epoch: 500
INFO:root:elbo: -15535.1708984375, F: -13352.189453125, KL_U:2119.44189453125, KL_X:2246.521484375, KL_ZX:0.09144270420074463
INFO:root:lp_train: -0.5399366617202759
INFO:root:Epoch: 1000
INFO:root:elbo: -15886.904296875, F: -12962.455078125, KL_U:1227.3701171875, KL_X:1697.079345703125, KL_ZX:0.0959884524345398
INFO:root:lp_train: -0.5125347375869751
INFO:root:Epoch: 1500
INFO:root:elbo: -14339.369140625, F: -11673.9248046875, KL_U:1333.2537841796875, KL_X:1332.190673828125, KL_ZX:0.08014842867851257
INFO:root:lp_train: -0.45257192850112915
INFO:root:Epoch: 2000
INFO:root:elbo: -13797.0458984375, F: -11132.142578125, KL_U:1414.616943359375, KL_X:1250.286376953125, KL_ZX:0.06002190709114075
INFO:root:lp_train: -0.42253321409225464
INFO:root:Epoch: 2500
INFO:root:elbo: -13646.248046875, F: -10901.6728515625, KL_U:1479.311767578125, KL_X:1265.26318359375, KL_ZX:0.04431663453578949
INFO:root:lp_train: -0.40741071105003357
INFO:root:Epoch: 3000
INFO:root:elbo: -13501.388671875, F: -10682.544921875, KL_U:1524.6492919921875, KL_X:1294.1942138671875, KL_ZX:0.034728676080703735
INFO:root:lp_train: -0.3977547287940979
INFO:root:Epoch: 3500
INFO:root:elbo: -13432.833984375, F: -10555.337890625, KL_U:1559.95751953125, KL_X:1317.5391845703125, KL_ZX:0.026654869318008423
INFO:root:lp_train: -0.3915521204471588
INFO:root:Epoch: 4000
INFO:root:elbo: -13418.5654296875, F: -10505.3740234375, KL_U:1580.1552734375, KL_X:1333.0360107421875, KL_ZX:0.0223846435546875
INFO:root:lp_train: -0.387751966714859
INFO:root:Epoch: 4500
INFO:root:elbo: -13355.171875, F: -10415.4091796875, KL_U:1595.413330078125, KL_X:1344.3489990234375, KL_ZX:0.019549131393432617
INFO:root:lp_train: -0.38504594564437866
INFO:root:Epoch: 5000
INFO:root:elbo: -13321.955078125, F: -10351.1845703125, KL_U:1615.306640625, KL_X:1355.4638671875, KL_ZX:0.017535142600536346
INFO:root:lp_train: -0.38241812586784363
INFO:root:Hyper-parameters in covariance functions is [[ 2.09431481  0.99593592  0.86678052]
 [ 2.05701423  1.13672113  0.66495472]
 [ 1.27896166  1.09987438  0.53979647]
 [ 1.47203088  1.067608    0.53740168]
 [ 1.39834225  0.95503169  0.74915165]
 [ 2.58207083  1.18365371  0.65181798]
 [ 4.05169249  1.91631496  0.60297734]
 [ 2.37572765  2.61157799  0.56937486]
 [ 1.16363144  0.85452938  0.59615952]
 [ 1.7095983   0.71525455  0.77315581]
 [ 1.92100847  1.03934002  0.62939948]
 [ 1.50164223  0.64496577  0.91217792]
 [ 1.00602221  0.64174038  2.2124908 ]
 [ 1.47964358  0.73387855  0.76299816]
 [ 2.50371242  1.05484366  0.61302722]
 [ 2.86218548  1.91357338  0.65244472]
 [ 0.67677641  0.63088435  0.70425111]
 [ 0.81908762  0.68369889  0.58893901]
 [ 1.44466698  0.65952975  0.70363939]
 [ 1.71706307  0.43426594  1.98338032]
 [ 1.36936498  0.74600834  2.28246856]
 [ 0.95664281  0.64221001  0.66305923]
 [ 1.92117536  0.74930108  0.62047839]
 [ 1.97293389  0.75169438  0.73100388]
 [ 2.25125146  0.67924082  0.92108166]
 [ 0.99031895  0.54628313  0.70549732]
 [ 1.58050513  0.53064239  0.78079498]
 [ 1.8516748   0.75481069  0.75683832]
 [ 1.09119999  1.14358568  0.94730443]
 [ 0.66319656  0.81375921  0.6728279 ]
 [ 1.01648438  0.79422486  0.72028297]
 [ 1.22934771  0.61568844  0.65150934]
 [ 3.07439876  0.74537599  1.52205026]
 [ 1.59724593  0.56787205  0.8525064 ]
 [ 1.52512574  0.49039185  0.71272743]
 [ 1.65073335  0.55880547  0.82294118]
 [ 0.83478701  0.58595943  0.78252745]
 [ 0.37056571  0.79263335  0.60070634]
 [ 1.0065341   0.54089427  1.10201621]
 [ 0.9544065   0.57379866  0.69842756]
 [ 3.24603724  0.7911793   1.18754888]
 [ 1.15991175  0.46011385  1.16270733]
 [ 1.14730549  0.47175026  1.41285229]
 [ 1.63806534  0.46189478  1.42428625]
 [ 1.1735096   0.45179877  1.24704707]
 [ 0.60071194  0.35377288  1.3628329 ]
 [ 0.5097478   0.56096756  0.84371001]
 [ 1.13829005  0.57025653  1.18025839]
 [ 3.27120996  0.8609308   0.97299683]
 [ 2.17673016  1.78598499  1.63352168]
 [ 0.91270882  0.5740509   1.77403939]
 [ 0.85894394  0.54939473  1.12919998]
 [ 0.94674635  0.4507435   1.36717379]
 [ 0.74277943  0.38715836  1.50232637]
 [ 1.06526887  0.43844476  1.05253029]
 [ 1.56609392  0.58187872  1.70511913]
 [ 3.22890782  0.93774813  0.93134481]
 [ 1.39509916  1.21245468  1.20355606]
 [ 0.4919467   1.04014766  1.63785982]
 [ 1.37596869  0.52917391  1.28664279]
 [ 1.44059598  0.68336302  1.01533794]
 [ 1.07394397  0.68953937  0.60524404]
 [ 1.24061275  0.44401824  1.12125552]
 [ 1.848804    0.52914071  0.8483215 ]
 [ 1.45146489  0.84979552  0.74400383]
 [ 1.22608757  1.0725615   0.76148194]
 [ 0.87033796  0.5814482   0.79558915]
 [ 0.99196285  0.5710966   1.0758431 ]
 [ 1.45584404  0.76055682  0.75986373]
 [ 0.76724613  0.48356628  1.37446928]
 [ 0.67503911  0.40802336  1.67532349]
 [ 1.75340378  0.7038759   0.58391833]
 [ 1.63529503  1.21333182  0.54289758]
 [ 1.55568624  1.23006034  0.55881107]
 [ 2.8188839   1.08468771  0.80077153]
 [ 1.98331165  0.80372858  0.77642614]
 [ 1.99623024  0.6531707   0.94888145]
 [ 1.59503865  0.58553076  0.76465201]
 [ 1.15956724  0.66990268  0.60275829]
 [ 1.04772174  0.73423702  0.53719896]]
INFO:root:Standard deviations of variational distribution for embedding inputs are [[ 0.09178833  0.12985036]
 [ 0.07736884  0.10696296]
 [ 0.07371354  0.12891403]
 [ 0.08072443  0.10090705]
 [ 0.08099869  0.07900874]
 [ 0.08861621  0.09641264]
 [ 0.08498321  0.0871898 ]
 [ 0.08872033  0.08985776]
 [ 0.08159698  0.09218441]
 [ 0.08241981  0.07338874]
 [ 0.07730106  0.07772076]
 [ 0.08693801  0.09183981]
 [ 0.08300444  0.07679732]
 [ 0.08331086  0.07947472]
 [ 0.07403118  0.0937868 ]
 [ 0.08701953  0.11654682]
 [ 0.09117687  0.12002432]
 [ 0.08532506  0.0830841 ]
 [ 0.08034059  0.12053442]
 [ 0.08435471  0.08858121]
 [ 0.08263014  0.07338928]
 [ 0.08041989  0.10267264]
 [ 0.07695322  0.09460153]
 [ 0.07952271  0.08818115]
 [ 0.08627044  0.10186475]
 [ 0.07151249  0.09752263]
 [ 0.08196031  0.09220676]
 [ 0.07180313  0.09758071]
 [ 0.10024111  0.13510799]
 [ 0.15502548  0.12452419]
 [ 0.0755861   0.11842826]
 [ 0.08074407  0.11492889]
 [ 0.07586224  0.12154806]
 [ 0.06811658  0.11217721]
 [ 0.07855367  0.1124948 ]
 [ 0.0742356   0.06954885]
 [ 0.07790595  0.0789157 ]
 [ 0.07957332  0.11911186]
 [ 0.08577545  0.09731875]
 [ 0.0911094   0.10637513]
 [ 0.07351591  0.10743605]
 [ 0.08058085  0.10339007]
 [ 0.07555625  0.07404901]
 [ 0.08313178  0.1263195 ]
 [ 0.0999901   0.11817689]
 [ 0.07409807  0.07333882]
 [ 0.07755651  0.10323942]
 [ 0.08507128  0.07986274]
 [ 0.07153831  0.06625018]
 [ 0.0874171   0.09111494]
 [ 0.08067073  0.08488749]
 [ 0.09088005  0.08564217]
 [ 0.07999216  0.09899542]
 [ 0.07989137  0.08017008]
 [ 0.09015325  0.08780367]
 [ 0.09688217  0.0922322 ]
 [ 0.08608766  0.08510447]
 [ 0.07351678  0.08772221]
 [ 0.08530688  0.08057992]
 [ 0.09632955  0.10044686]
 [ 0.07503793  0.1009597 ]
 [ 0.0790039   0.10922068]
 [ 0.08205733  0.11200977]
 [ 0.08623252  0.09624743]
 [ 0.09319285  0.0937403 ]
 [ 0.08071345  0.09570147]
 [ 0.07843564  0.10019165]
 [ 0.07844111  0.11154489]
 [ 0.08576792  0.0882693 ]
 [ 0.09667036  0.18678814]
 [ 0.09511846  0.0824556 ]
 [ 0.08082351  0.09640121]
 [ 0.0742231   0.10277514]
 [ 0.08580013  0.08260415]
 [ 0.09902424  0.10581558]
 [ 0.07957222  0.09341693]
 [ 0.07356122  0.10741153]
 [ 0.07233378  0.12538238]
 [ 0.07820344  0.09623381]
 [ 0.07335496  0.08283295]
 [ 0.08596408  0.09929369]
 [ 0.08481371  0.11532278]
 [ 0.09244256  0.08204131]
 [ 0.08516008  0.08362481]
 [ 0.07396244  0.07542605]
 [ 0.08348168  0.09126981]
 [ 0.07752777  0.10149685]
 [ 0.07780629  0.09489965]
 [ 0.09688555  0.08438967]
 [ 0.0935383   0.084988  ]
 [ 0.11040349  0.13183261]
 [ 0.12966527  0.10336919]
 [ 0.11025408  0.13288718]
 [ 0.09455371  0.10069023]
 [ 0.11012548  0.11443438]
 [ 0.08783396  0.15828829]
 [ 0.15752122  0.09141594]
 [ 0.11678737  0.11092696]
 [ 0.11090279  0.10670703]
 [ 0.08427975  0.16325481]
 [ 0.07952423  0.10757779]
 [ 0.08693482  0.09742878]
 [ 0.07626542  0.12487183]
 [ 0.07967739  0.11923256]
 [ 0.10076766  0.09439898]
 [ 0.10145951  0.11000276]
 [ 0.09123877  0.09632404]
 [ 0.10066397  0.09917352]
 [ 0.08478963  0.13357629]
 [ 0.08501226  0.13223177]
 [ 0.07745758  0.14874336]
 [ 0.09832044  0.10666152]
 [ 0.09072129  0.10440133]
 [ 0.0930344   0.12404392]
 [ 0.09324699  0.09042959]
 [ 0.0881065   0.10285652]
 [ 0.15385854  0.10716856]
 [ 0.09200006  0.14011009]
 [ 0.0738539   0.11671513]
 [ 0.07975712  0.10706058]
 [ 0.10983241  0.16305277]
 [ 0.15449467  0.13644519]
 [ 0.07996973  0.09583531]
 [ 0.09382366  0.1031812 ]
 [ 0.09891596  0.09236903]
 [ 0.08727938  0.08333236]
 [ 0.11460738  0.11646707]
 [ 0.1146768   0.10341197]
 [ 0.12202318  0.10677198]
 [ 0.1239302   0.08856723]
 [ 0.10724447  0.12016178]
 [ 0.07816288  0.07253332]
 [ 0.11007595  0.10272714]
 [ 0.10097848  0.09669714]
 [ 0.08391304  0.10867764]
 [ 0.09555045  0.12109749]
 [ 0.1106831   0.10445847]
 [ 0.10613821  0.0991948 ]
 [ 0.10768755  0.08783172]
 [ 0.1185922   0.12651655]
 [ 0.11540864  0.10017216]
 [ 0.10764055  0.11764894]
 [ 0.12739956  0.13419862]
 [ 0.09617357  0.10341638]
 [ 0.10243278  0.13946407]
 [ 0.08551534  0.14068794]
 [ 0.09249622  0.12469225]
 [ 0.13236532  0.14967236]
 [ 0.0942447   0.08812736]
 [ 0.1022727   0.0912233 ]
 [ 0.08536419  0.12459882]
 [ 0.0819189   0.08771345]
 [ 0.08479661  0.08080601]
 [ 0.09476712  0.09918752]
 [ 0.18162069  0.08253837]
 [ 0.08760972  0.08107276]
 [ 0.06862725  0.08456217]
 [ 0.07526461  0.08650336]
 [ 0.07293864  0.08445096]
 [ 0.07979522  0.08646536]
 [ 0.0753172   0.0992859 ]
 [ 0.08106829  0.07370578]
 [ 0.0943608   0.1101597 ]
 [ 0.07897972  0.10958884]
 [ 0.08666643  0.11216436]
 [ 0.07235147  0.09243867]
 [ 0.08390859  0.09377877]
 [ 0.10166957  0.11484483]
 [ 0.08698756  0.10349432]
 [ 0.13610028  0.10753132]
 [ 0.08494487  0.09882215]
 [ 0.08225503  0.12710719]
 [ 0.09039763  0.09029882]
 [ 0.10080351  0.11640891]
 [ 0.08416443  0.18775971]
 [ 0.0897951   0.0896176 ]
 [ 0.08218853  0.0952281 ]
 [ 0.08610971  0.11662604]
 [ 0.07717539  0.10387434]
 [ 0.08655427  0.09512149]
 [ 0.11389779  0.12215429]
 [ 0.12038355  0.14904279]
 [ 0.07430439  0.11531741]
 [ 0.07771967  0.07582466]
 [ 0.10115771  0.11047819]
 [ 0.0879759   0.1104802 ]
 [ 0.10290951  0.11994273]
 [ 0.11751278  0.12865093]
 [ 0.10934844  0.13183211]
 [ 0.09063093  0.11124502]
 [ 0.07776215  0.07552543]
 [ 0.08238512  0.08816797]
 [ 0.11316362  0.12951958]
 [ 0.10394309  0.15265317]
 [ 0.08179609  0.11829845]
 [ 0.1369044   0.12595132]
 [ 0.10363109  0.13938841]
 [ 0.09815368  0.11787762]
 [ 0.14820698  0.13148031]
 [ 0.11047782  0.14913224]
 [ 0.09152119  0.12151437]
 [ 0.10602044  0.12157499]
 [ 0.07014199  0.07501901]
 [ 0.09904805  0.13848044]
 [ 0.10481174  0.07572882]
 [ 0.11178708  0.10667337]
 [ 0.10083654  0.13717993]
 [ 0.10591482  0.13058436]
 [ 0.07276519  0.103047  ]
 [ 0.10116661  0.13141045]
 [ 0.08218546  0.13840878]
 [ 0.07336512  0.10915712]
 [ 0.07715423  0.11148858]
 [ 0.07767025  0.11466067]
 [ 0.0885168   0.13416913]
 [ 0.08450661  0.12562928]
 [ 0.09958059  0.12958735]
 [ 0.08740224  0.12611772]
 [ 0.0867107   0.11636759]
 [ 0.09201011  0.15061112]
 [ 0.12012612  0.13458759]
 [ 0.09692977  0.14238997]
 [ 0.0793949   0.11536818]
 [ 0.07423589  0.11137772]
 [ 0.10244397  0.1175942 ]
 [ 0.07176942  0.1199675 ]
 [ 0.0821944   0.12555782]
 [ 0.08349326  0.11638781]
 [ 0.0948264   0.1184179 ]
 [ 0.08408734  0.09736814]
 [ 0.09446675  0.12534939]
 [ 0.08285606  0.11674572]
 [ 0.0814518   0.13301893]
 [ 0.07818664  0.12937456]
 [ 0.07419939  0.07826027]
 [ 0.08370037  0.11658116]
 [ 0.09044395  0.1218209 ]
 [ 0.08228135  0.10902055]
 [ 0.1022619   0.11320488]
 [ 0.08732011  0.10937367]
 [ 0.10242292  0.10809702]
 [ 0.08334513  0.12752794]
 [ 0.10826384  0.14303836]
 [ 0.11567588  0.09256782]
 [ 0.09239595  0.11468911]
 [ 0.12574105  0.1332764 ]
 [ 0.09886096  0.09570373]
 [ 0.07697924  0.09364639]
 [ 0.10467871  0.09416467]
 [ 0.10113268  0.10899895]
 [ 0.0953598   0.11219801]
 [ 0.09737835  0.10854059]
 [ 0.08988382  0.14535496]
 [ 0.07418216  0.1274287 ]
 [ 0.07710841  0.13350545]
 [ 0.0720472   0.09291776]
 [ 0.09116079  0.09068877]
 [ 0.07828257  0.09818514]
 [ 0.07491735  0.17269486]
 [ 0.08560479  0.19749954]
 [ 0.0938567   0.08829305]
 [ 0.10926992  0.11720025]
 [ 0.10316105  0.09396231]
 [ 0.10919194  0.11780208]
 [ 0.12924495  0.09992857]
 [ 0.08691283  0.10199814]
 [ 0.08751494  0.1516185 ]
 [ 0.11585924  0.09559381]
 [ 0.07132792  0.11778837]
 [ 0.08937772  0.10192157]
 [ 0.0798953   0.17250875]
 [ 0.10744596  0.10144901]
 [ 0.0749267   0.09908114]
 [ 0.07057595  0.15786055]
 [ 0.07444417  0.10211319]
 [ 0.08090182  0.08964769]
 [ 0.09174129  0.09480956]
 [ 0.0905731   0.10331711]
 [ 0.07815723  0.11495148]
 [ 0.06554007  0.11857489]
 [ 0.0977999   0.08864763]
 [ 0.07769082  0.16119307]
 [ 0.09734096  0.09819523]
 [ 0.08297829  0.09484234]
 [ 0.08286677  0.0948078 ]
 [ 0.08194876  0.09846994]
 [ 0.08658084  0.09484956]
 [ 0.12113085  0.1048647 ]
 [ 0.07059741  0.11967351]
 [ 0.07851733  0.10745854]
 [ 0.07450554  0.12338319]
 [ 0.07048722  0.10453759]
 [ 0.11454652  0.10508914]
 [ 0.06651278  0.11181062]
 [ 0.0789707   0.09672223]
 [ 0.06993826  0.11596069]
 [ 0.07662657  0.11405458]
 [ 0.09679982  0.1001607 ]
 [ 0.09242957  0.08943517]
 [ 0.11491805  0.1118055 ]]
INFO:root:Standard deviations of prior distribution for embedding inputs are 1.0
INFO:root:Start to create graph!
INFO:tensorflow:Restoring parameters from ./model/model_tem.ckpt
INFO:root:Start to test!
INFO:root:Epoch: 50
INFO:root:acc_test_pred: 0.7520833611488342
INFO:root:lp_test_pred: -0.5159618854522705
INFO:root:Epoch: 100
INFO:root:acc_test_pred: 0.7541666626930237
INFO:root:lp_test_pred: -0.51860111951828
INFO:root:Epoch: 150
INFO:root:acc_test_pred: 0.7562500238418579
INFO:root:lp_test_pred: -0.5181214213371277
INFO:root:Epoch: 200
INFO:root:acc_test_pred: 0.7569444179534912
INFO:root:lp_test_pred: -0.5157366394996643
INFO:root:Start to test!
INFO:root:Epoch: 50
INFO:root:acc_test_pred: 0.7729166746139526
INFO:root:lp_test_pred: -0.48373743891716003
INFO:root:Epoch: 100
INFO:root:acc_test_pred: 0.7743055820465088
INFO:root:lp_test_pred: -0.48027166724205017
INFO:root:Epoch: 150
INFO:root:acc_test_pred: 0.7743055820465088
INFO:root:lp_test_pred: -0.4794444143772125
INFO:root:Epoch: 200
INFO:root:acc_test_pred: 0.7729166746139526
INFO:root:lp_test_pred: -0.479910284280777
INFO:root:Start to test!
INFO:root:Epoch: 50
INFO:root:acc_test_pred: 0.7534722089767456
INFO:root:lp_test_pred: -0.5175518989562988
INFO:root:Epoch: 100
INFO:root:acc_test_pred: 0.7562500238418579
INFO:root:lp_test_pred: -0.5174633264541626
INFO:root:Epoch: 150
INFO:root:acc_test_pred: 0.7555555701255798
INFO:root:lp_test_pred: -0.5177245736122131
INFO:root:Epoch: 200
INFO:root:acc_test_pred: 0.7555555701255798
INFO:root:lp_test_pred: -0.5177302956581116
INFO:root:Start to test!
INFO:root:Epoch: 50
INFO:root:acc_test_pred: 0.7395833134651184
INFO:root:lp_test_pred: -0.5200790166854858
INFO:root:Epoch: 100
INFO:root:acc_test_pred: 0.738194465637207
INFO:root:lp_test_pred: -0.5176750421524048
INFO:root:Epoch: 150
INFO:root:acc_test_pred: 0.7361111044883728
INFO:root:lp_test_pred: -0.5162146091461182
INFO:root:Epoch: 200
INFO:root:acc_test_pred: 0.7347221970558167
INFO:root:lp_test_pred: -0.5158550143241882
INFO:root:Start to test!
INFO:root:Epoch: 50
INFO:root:acc_test_pred: 0.7534722089767456
INFO:root:lp_test_pred: -0.5123966336250305
INFO:root:Epoch: 100
INFO:root:acc_test_pred: 0.7520833611488342
INFO:root:lp_test_pred: -0.513352632522583
INFO:root:Epoch: 150
INFO:root:acc_test_pred: 0.7534722089767456
INFO:root:lp_test_pred: -0.5132583975791931
INFO:root:Epoch: 200
INFO:root:acc_test_pred: 0.7534722089767456
INFO:root:lp_test_pred: -0.513236403465271
INFO:root:Start to test!
INFO:root:Epoch: 50
INFO:root:acc_test_pred: 0.7548611164093018
INFO:root:lp_test_pred: -0.5217345952987671
INFO:root:Epoch: 100
INFO:root:acc_test_pred: 0.7520833611488342
INFO:root:lp_test_pred: -0.5204133987426758
INFO:root:Epoch: 150
INFO:root:acc_test_pred: 0.7534722089767456
INFO:root:lp_test_pred: -0.5191515684127808
INFO:root:Epoch: 200
INFO:root:acc_test_pred: 0.7534722089767456
INFO:root:lp_test_pred: -0.5191715955734253
INFO:root:Start to test!
INFO:root:Epoch: 50
INFO:root:acc_test_pred: 0.78125
INFO:root:lp_test_pred: -0.4926530718803406
INFO:root:Epoch: 100
INFO:root:acc_test_pred: 0.7833333611488342
INFO:root:lp_test_pred: -0.49143117666244507
INFO:root:Epoch: 150
INFO:root:acc_test_pred: 0.7826389074325562
INFO:root:lp_test_pred: -0.49135521054267883
INFO:root:Epoch: 200
INFO:root:acc_test_pred: 0.7826389074325562
INFO:root:lp_test_pred: -0.49136245250701904
INFO:root:Start to test!
INFO:root:Epoch: 50
INFO:root:acc_test_pred: 0.7680555582046509
INFO:root:lp_test_pred: -0.49817919731140137
INFO:root:Epoch: 100
INFO:root:acc_test_pred: 0.769444465637207
INFO:root:lp_test_pred: -0.49315565824508667
INFO:root:Epoch: 150
INFO:root:acc_test_pred: 0.7715277671813965
INFO:root:lp_test_pred: -0.49393218755722046
INFO:root:Epoch: 200
INFO:root:acc_test_pred: 0.7715277671813965
INFO:root:lp_test_pred: -0.4940814971923828
INFO:root:Start to test!
INFO:root:Epoch: 50
INFO:root:acc_test_pred: 0.7548611164093018
INFO:root:lp_test_pred: -0.5127848386764526
INFO:root:Epoch: 100
INFO:root:acc_test_pred: 0.7513889074325562
INFO:root:lp_test_pred: -0.5107844471931458
INFO:root:Epoch: 150
INFO:root:acc_test_pred: 0.7513889074325562
INFO:root:lp_test_pred: -0.5086437463760376
INFO:root:Epoch: 200
INFO:root:acc_test_pred: 0.7520833611488342
INFO:root:lp_test_pred: -0.5083652138710022
INFO:root:Start to test!
INFO:root:Epoch: 50
INFO:root:acc_test_pred: 0.7437499761581421
INFO:root:lp_test_pred: -0.5430673956871033
INFO:root:Epoch: 100
INFO:root:acc_test_pred: 0.7416666746139526
INFO:root:lp_test_pred: -0.5422684550285339
INFO:root:Epoch: 150
INFO:root:acc_test_pred: 0.7423611283302307
INFO:root:lp_test_pred: -0.5425360798835754
INFO:root:Epoch: 200
INFO:root:acc_test_pred: 0.7423611283302307
INFO:root:lp_test_pred: -0.5423323512077332
INFO:root:The mean of lp_test_pred_list = -0.5097781419754028
INFO:root:The std of lp_test_pred_list = 0.016659080982208252
INFO:root:The mean of lp_test_pred_list = 0.757569432258606
INFO:root:The std of lp_test_pred_list = 0.01371224969625473
