INFO:root:Start to create graph!
INFO:root:Start to train!
INFO:root:Epoch: 500
INFO:root:elbo: -15526.50390625, F: -13341.5595703125, KL_U:2121.248046875, KL_X:2246.87255859375, KL_ZX:0.08835923671722412
INFO:root:lp_train: -0.5396263003349304
INFO:root:Epoch: 1000
INFO:root:elbo: -15887.71875, F: -12963.0908203125, KL_U:1226.8287353515625, KL_X:1695.94287109375, KL_ZX:0.09281346201896667
INFO:root:lp_train: -0.5128350257873535
INFO:root:Epoch: 1500
INFO:root:elbo: -14333.724609375, F: -11670.7373046875, KL_U:1332.376220703125, KL_X:1329.1162109375, KL_ZX:0.07473340630531311
INFO:root:lp_train: -0.4525715410709381
INFO:root:Epoch: 2000
INFO:root:elbo: -13802.345703125, F: -11140.6591796875, KL_U:1412.126708984375, KL_X:1248.573486328125, KL_ZX:0.04931481182575226
INFO:root:lp_train: -0.4230034649372101
INFO:root:Epoch: 2500
INFO:root:elbo: -13640.26953125, F: -10893.1669921875, KL_U:1481.7119140625, KL_X:1264.7462158203125, KL_ZX:0.03221671283245087
INFO:root:lp_train: -0.4076042175292969
INFO:root:Epoch: 3000
INFO:root:elbo: -13528.310546875, F: -10700.4189453125, KL_U:1534.8251953125, KL_X:1292.559326171875, KL_ZX:0.025334343314170837
INFO:root:lp_train: -0.3984975516796112
INFO:root:Epoch: 3500
INFO:root:elbo: -13479.736328125, F: -10595.2197265625, KL_U:1570.032958984375, KL_X:1314.06689453125, KL_ZX:0.020820237696170807
INFO:root:lp_train: -0.3932955265045166
INFO:root:Epoch: 4000
INFO:root:elbo: -13478.88671875, F: -10558.080078125, KL_U:1590.791259765625, KL_X:1329.637939453125, KL_ZX:0.01889824867248535
INFO:root:lp_train: -0.3898763358592987
INFO:root:Epoch: 4500
INFO:root:elbo: -13440.5693359375, F: -10492.93359375, KL_U:1606.0406494140625, KL_X:1341.24951171875, KL_ZX:0.01729472726583481
INFO:root:lp_train: -0.3875035047531128
INFO:root:Epoch: 5000
INFO:root:elbo: -13386.7763671875, F: -10415.26171875, KL_U:1621.38134765625, KL_X:1349.806396484375, KL_ZX:0.016345620155334473
INFO:root:lp_train: -0.3855053186416626
INFO:root:Hyper-parameters in covariance functions is [[ 2.09563756  0.95008326  0.80853629]
 [ 1.82177019  0.99353254  0.64652824]
 [ 1.19656229  1.17192793  0.45539629]
 [ 1.70964766  1.37361181  0.44849977]
 [ 1.3689028   0.6404283   0.914819  ]
 [ 2.42779803  1.21950912  0.64655554]
 [ 3.65284729  1.8171556   0.63411868]
 [ 2.1968143   2.39344573  0.574857  ]
 [ 1.12225306  0.74551368  0.6014564 ]
 [ 1.52028596  0.75486177  0.67216474]
 [ 2.26652408  1.15741134  0.60163665]
 [ 1.55646873  0.71369445  0.84637314]
 [ 0.96314561  0.6433692   3.76889324]
 [ 1.40952325  0.66047949  0.74162269]
 [ 2.21324849  0.96439272  0.68358171]
 [ 2.70782948  1.41017747  0.7010349 ]
 [ 0.66453171  0.65277576  0.65834939]
 [ 0.86642039  0.70789111  0.56778723]
 [ 1.6278944   0.76381242  0.68968976]
 [ 1.47070324  0.53770697  1.90524209]
 [ 1.33419383  0.74477667  2.3832202 ]
 [ 0.77978027  0.56223714  0.7208885 ]
 [ 1.73408067  0.47579721  0.81431085]
 [ 1.94692397  0.58409429  0.90883833]
 [ 2.24944663  0.72564894  0.73385346]
 [ 1.34082901  0.8471387   0.52074707]
 [ 1.63006234  0.82520097  0.62661815]
 [ 1.69882727  0.77906668  0.95739049]
 [ 1.09570694  1.14786243  0.92270356]
 [ 0.60600013  0.74262828  0.78271484]
 [ 1.06130147  0.4619745   1.06958246]
 [ 1.13989913  0.45524558  0.93905401]
 [ 2.53884649  0.82342571  0.94791245]
 [ 1.60040033  0.78283554  0.6216833 ]
 [ 1.75602734  0.59730333  0.650267  ]
 [ 2.10784292  0.65940124  0.90629619]
 [ 0.77641261  0.61848569  0.85531437]
 [ 0.44814235  0.64257181  1.01130736]
 [ 1.19082069  0.47721162  1.41938806]
 [ 1.03987455  0.51381987  0.73974621]
 [ 2.79058385  0.90535212  0.88669294]
 [ 1.05954695  0.54343551  0.97822517]
 [ 1.26057339  0.53560358  1.23287547]
 [ 1.61508572  0.4962061   1.45976019]
 [ 1.28244591  0.47113812  1.59413826]
 [ 0.8277688   0.39908782  1.34515357]
 [ 0.42576408  0.45874828  0.93174279]
 [ 0.76536888  0.5261001   0.90881824]
 [ 3.30829334  0.91264236  0.83784175]
 [ 2.16699195  1.89490223  1.54104495]
 [ 1.21777129  0.57212085  2.034307  ]
 [ 0.98978829  0.55695355  1.3099587 ]
 [ 0.94057089  0.48258048  1.62845755]
 [ 0.7285347   0.47258544  0.86656523]
 [ 0.75270134  0.43081552  0.75252503]
 [ 1.25346637  0.53079915  1.58806491]
 [ 2.90827751  1.0004921   0.82253939]
 [ 1.41222978  1.20658112  1.23628163]
 [ 0.52975321  0.74667615  1.20070088]
 [ 1.27997577  0.60189962  1.18692052]
 [ 1.42414856  0.76607525  1.32072401]
 [ 1.22404253  0.93274879  0.57831049]
 [ 0.84007651  0.47416669  0.65323383]
 [ 1.63245142  0.47766882  0.8123666 ]
 [ 1.46553302  0.91808522  0.67351711]
 [ 1.30699229  0.97089314  0.73880363]
 [ 0.96760911  0.63239592  0.73368192]
 [ 0.92596602  0.60172278  0.91320008]
 [ 1.36057878  0.7467109   0.74882722]
 [ 0.68544519  0.55340737  0.87777239]
 [ 0.63917112  0.42699501  0.81315696]
 [ 1.62292266  0.68189728  0.6563186 ]
 [ 1.92565989  1.12306356  0.60257441]
 [ 1.83367229  1.14291406  0.59844416]
 [ 2.68854284  0.93812478  0.73180914]
 [ 2.07825184  0.85266691  0.72302634]
 [ 1.79160166  0.71582836  0.71840006]
 [ 1.91195631  0.59079194  0.75058287]
 [ 1.22271109  0.64047062  0.66547239]
 [ 1.29703784  0.82074982  0.59087938]]
INFO:root:Standard deviations of variational distribution for embedding inputs are [[ 0.0844745   0.12154972]
 [ 0.0787746   0.10775977]
 [ 0.07332207  0.11441097]
 [ 0.09653883  0.09753677]
 [ 0.07720022  0.07879715]
 [ 0.09941463  0.09839107]
 [ 0.08976077  0.08691923]
 [ 0.09495735  0.0928805 ]
 [ 0.0920068   0.0906361 ]
 [ 0.08502091  0.07233253]
 [ 0.08683412  0.07737567]
 [ 0.09825101  0.09048927]
 [ 0.08541153  0.07834359]
 [ 0.09163368  0.08037233]
 [ 0.08733864  0.09632358]
 [ 0.09924676  0.10841709]
 [ 0.08734645  0.08543132]
 [ 0.09938252  0.08390182]
 [ 0.09712427  0.12014218]
 [ 0.09847704  0.08643061]
 [ 0.08521417  0.07188113]
 [ 0.09284787  0.10028055]
 [ 0.08636661  0.09321369]
 [ 0.08728246  0.09040496]
 [ 0.09636775  0.10034611]
 [ 0.08102527  0.10039929]
 [ 0.09466902  0.09522063]
 [ 0.08371069  0.09841852]
 [ 0.12283148  0.12469719]
 [ 0.08125582  0.11102901]
 [ 0.11326955  0.09892801]
 [ 0.11295065  0.10972879]
 [ 0.10531146  0.10003097]
 [ 0.0765955   0.07381643]
 [ 0.10349023  0.09856616]
 [ 0.07470735  0.07608733]
 [ 0.08459877  0.08421826]
 [ 0.10715517  0.1092352 ]
 [ 0.09253435  0.0886559 ]
 [ 0.10691327  0.08915578]
 [ 0.09763788  0.09324922]
 [ 0.09899729  0.08913997]
 [ 0.07457461  0.08080493]
 [ 0.12298345  0.11879668]
 [ 0.09311622  0.08946018]
 [ 0.0809985   0.07879759]
 [ 0.09306759  0.09373534]
 [ 0.08723374  0.07675631]
 [ 0.07425427  0.069893  ]
 [ 0.09132612  0.08132955]
 [ 0.0910737   0.0882277 ]
 [ 0.09646432  0.07986604]
 [ 0.08913521  0.09947097]
 [ 0.08823946  0.08227099]
 [ 0.0950218   0.08571833]
 [ 0.10724871  0.10207925]
 [ 0.08969986  0.07739219]
 [ 0.08957551  0.10877931]
 [ 0.08933741  0.07686977]
 [ 0.10809152  0.08744549]
 [ 0.08145046  0.10303903]
 [ 0.08749216  0.10149515]
 [ 0.08367447  0.11724789]
 [ 0.11794546  0.10527707]
 [ 0.10113207  0.1226142 ]
 [ 0.09479521  0.12056891]
 [ 0.0957731   0.11184762]
 [ 0.08406091  0.09833394]
 [ 0.10534815  0.08943973]
 [ 0.08333874  0.10876873]
 [ 0.10065442  0.09457711]
 [ 0.08969866  0.10659029]
 [ 0.08297499  0.10257333]
 [ 0.09729207  0.07789648]
 [ 0.47215492  0.10764832]
 [ 0.08807657  0.09493171]
 [ 0.08530837  0.09765684]
 [ 0.07984289  0.11501922]
 [ 0.09028799  0.09837309]
 [ 0.08691645  0.07617884]
 [ 0.10416083  0.10956734]
 [ 0.08537606  0.11913595]
 [ 0.08624786  0.10332984]
 [ 0.08761881  0.09085371]
 [ 0.08014346  0.08091119]
 [ 0.08199982  0.09177725]
 [ 0.07937981  0.10997121]
 [ 0.07925431  0.0998326 ]
 [ 0.10271316  0.08373795]
 [ 0.10044131  0.08485613]
 [ 0.10826389  0.15038356]
 [ 0.09157708  0.10210006]
 [ 0.12420397  0.09932335]
 [ 0.15590318  0.1135304 ]
 [ 0.1251093   0.11803953]
 [ 0.0813158   0.12169256]
 [ 0.09591059  0.11491341]
 [ 0.11588739  0.08877462]
 [ 0.09952368  0.08913066]
 [ 0.0760521   0.10479753]
 [ 0.08171669  0.10675189]
 [ 0.10998453  0.09510218]
 [ 0.08300783  0.12296448]
 [ 0.08516844  0.09158745]
 [ 0.075516    0.10679425]
 [ 0.08079603  0.19894385]
 [ 0.07796771  0.09105644]
 [ 0.09100077  0.10062565]
 [ 0.09733517  0.1858578 ]
 [ 0.08097023  0.13424683]
 [ 0.08619649  0.1391675 ]
 [ 0.08542705  0.10688256]
 [ 0.09914087  0.10041233]
 [ 0.10358615  0.13056192]
 [ 0.10715204  0.08818501]
 [ 0.09540117  0.10387016]
 [ 0.09160864  0.13096884]
 [ 0.10333701  0.11932038]
 [ 0.08422834  0.12339295]
 [ 0.09918568  0.10313934]
 [ 0.07863655  0.12286733]
 [ 0.14308107  0.13681504]
 [ 0.08837564  0.101188  ]
 [ 0.1070703   0.11105146]
 [ 0.09993029  0.1002496 ]
 [ 0.08693653  0.08516899]
 [ 0.11365823  0.12800917]
 [ 0.12769234  0.10811495]
 [ 0.15716842  0.1075743 ]
 [ 0.12161378  0.07878348]
 [ 0.10733364  0.12112992]
 [ 0.08049361  0.06907748]
 [ 0.10539591  0.11332989]
 [ 0.09767714  0.09769186]
 [ 0.08983469  0.09446345]
 [ 0.1032183   0.12105997]
 [ 0.11489106  0.10400375]
 [ 0.10674614  0.09851238]
 [ 0.10460753  0.08720183]
 [ 0.1225284   0.12097015]
 [ 0.11647429  0.10050335]
 [ 0.10169532  0.12686485]
 [ 0.13448395  0.13414785]
 [ 0.1064702   0.09889462]
 [ 0.12188646  0.12564754]
 [ 0.11569908  0.11369075]
 [ 0.09973159  0.13635786]
 [ 0.12985086  0.13990164]
 [ 0.10149208  0.08690719]
 [ 0.09493589  0.09416462]
 [ 0.09518277  0.11191835]
 [ 0.08537593  0.08657013]
 [ 0.08880347  0.07947414]
 [ 0.08118775  0.09579262]
 [ 0.16227233  0.09074031]
 [ 0.0843817   0.08639132]
 [ 0.07599472  0.09049126]
 [ 0.07458836  0.09216972]
 [ 0.07286669  0.09050685]
 [ 0.08291101  0.09210049]
 [ 0.07662096  0.10065264]
 [ 0.09114549  0.07194855]
 [ 0.10562173  0.12524931]
 [ 0.08586351  0.09702248]
 [ 0.09112146  0.12285192]
 [ 0.07961695  0.11037986]
 [ 0.08660989  0.10468277]
 [ 0.10513081  0.1087358 ]
 [ 0.08815148  0.11766353]
 [ 0.11566554  0.11949614]
 [ 0.08274432  0.10106562]
 [ 0.08236748  0.14431231]
 [ 0.10468562  0.08463706]
 [ 0.09923447  0.10396535]
 [ 0.07978012  0.08448626]
 [ 0.09139304  0.09199611]
 [ 0.08250268  0.0889098 ]
 [ 0.08523656  0.12000683]
 [ 0.07901852  0.10504452]
 [ 0.08412921  0.11240895]
 [ 0.10734272  0.11411004]
 [ 0.09126908  0.14145435]
 [ 0.07231373  0.11373882]
 [ 0.08289459  0.07147417]
 [ 0.10327135  0.11607714]
 [ 0.08902416  0.10261288]
 [ 0.10404631  0.11849302]
 [ 0.12392521  0.12910202]
 [ 0.1147259   0.11943186]
 [ 0.09358539  0.09651539]
 [ 0.08289718  0.0718974 ]
 [ 0.0827788   0.08356971]
 [ 0.1260874   0.12534568]
 [ 0.09190925  0.12612455]
 [ 0.08305412  0.10193749]
 [ 0.13808498  0.11867484]
 [ 0.10652754  0.13239498]
 [ 0.09737034  0.10597049]
 [ 0.13430899  0.11557557]
 [ 0.11419811  0.14446267]
 [ 0.09288666  0.11268697]
 [ 0.11335294  0.12580284]
 [ 0.0720003   0.07198604]
 [ 0.09715275  0.14240049]
 [ 0.08525658  0.07097252]
 [ 0.1126997   0.10551664]
 [ 0.10668683  0.13042735]
 [ 0.10902972  0.1239651 ]
 [ 0.07464378  0.09142002]
 [ 0.10402163  0.13014033]
 [ 0.08863136  0.13109335]
 [ 0.08439703  0.10362424]
 [ 0.0845902   0.10511655]
 [ 0.08253545  0.1101716 ]
 [ 0.09038705  0.11891425]
 [ 0.08841174  0.12062259]
 [ 0.10188379  0.11702503]
 [ 0.09242637  0.11700392]
 [ 0.09033312  0.11260484]
 [ 0.09590361  0.1241497 ]
 [ 0.12639427  0.11828883]
 [ 0.09759371  0.13233998]
 [ 0.0854909   0.10920765]
 [ 0.08438575  0.10329314]
 [ 0.10453254  0.11162931]
 [ 0.07784726  0.11496438]
 [ 0.08655766  0.13225791]
 [ 0.09392433  0.10818186]
 [ 0.10038559  0.10771202]
 [ 0.09698594  0.09065764]
 [ 0.09415273  0.132484  ]
 [ 0.08953506  0.10840616]
 [ 0.09556537  0.11814436]
 [ 0.08919388  0.11650009]
 [ 0.0788302   0.08147521]
 [ 0.09052522  0.10808768]
 [ 0.10783124  0.1122924 ]
 [ 0.09441435  0.09909363]
 [ 0.10749149  0.11285733]
 [ 0.08968523  0.11721031]
 [ 0.09657105  0.13756619]
 [ 0.08595698  0.09356141]
 [ 0.08935471  0.1744211 ]
 [ 0.08692545  0.10852069]
 [ 0.09478138  0.09953469]
 [ 0.14148754  0.12719251]
 [ 0.1009248   0.10373859]
 [ 0.08227149  0.08040756]
 [ 0.09545236  0.0862891 ]
 [ 0.08976819  0.1475253 ]
 [ 0.08675288  0.14304641]
 [ 0.0942001   0.11699829]
 [ 0.08156712  0.08906151]
 [ 0.08066642  0.09392068]
 [ 0.0865269   0.1273862 ]
 [ 0.07516325  0.09589124]
 [ 0.11295644  0.10217207]
 [ 0.08001455  0.09433738]
 [ 0.07431988  0.11073264]
 [ 0.08245011  0.16931459]
 [ 0.09344216  0.08419666]
 [ 0.1036239   0.10946953]
 [ 0.10768015  0.0804673 ]
 [ 0.10556108  0.09399131]
 [ 0.10597663  0.10655139]
 [ 0.09519085  0.12197255]
 [ 0.08381464  0.09052949]
 [ 0.09700759  0.09389956]
 [ 0.07639091  0.11763183]
 [ 0.08399133  0.09043151]
 [ 0.08410016  0.15379657]
 [ 0.11699792  0.0993906 ]
 [ 0.08845958  0.09220896]
 [ 0.07936297  0.16703539]
 [ 0.08836694  0.10094916]
 [ 0.08735488  0.09413935]
 [ 0.10050812  0.09018414]
 [ 0.09455414  0.10837163]
 [ 0.08173198  0.12246199]
 [ 0.07000843  0.11054485]
 [ 0.0955551   0.0914906 ]
 [ 0.08404033  0.12168771]
 [ 0.1053895   0.09261436]
 [ 0.08534038  0.09909555]
 [ 0.08204012  0.09601039]
 [ 0.08664839  0.10338312]
 [ 0.08619794  0.09886223]
 [ 0.12295516  0.09262887]
 [ 0.07424657  0.09879239]
 [ 0.08854023  0.1174574 ]
 [ 0.08205983  0.10282428]
 [ 0.07622659  0.10695371]
 [ 0.12731913  0.10894607]
 [ 0.07060896  0.10070127]
 [ 0.0792165   0.09888962]
 [ 0.07655007  0.10482404]
 [ 0.08666547  0.11325648]
 [ 0.10038263  0.10423176]
 [ 0.10475565  0.09241155]
 [ 0.11491147  0.11193038]]
INFO:root:Standard deviations of prior distribution for embedding inputs are 1.0
INFO:root:Start to create graph!
INFO:tensorflow:Restoring parameters from ./model/model_tem.ckpt
INFO:root:Start to test!
INFO:root:Epoch: 50
INFO:root:acc_test_pred: 0.7569444179534912
INFO:root:lp_test_pred: -0.5101766586303711
INFO:root:Epoch: 100
INFO:root:acc_test_pred: 0.7520833611488342
INFO:root:lp_test_pred: -0.5068188905715942
INFO:root:Epoch: 150
INFO:root:acc_test_pred: 0.7541666626930237
INFO:root:lp_test_pred: -0.5064280033111572
INFO:root:Epoch: 200
INFO:root:acc_test_pred: 0.7541666626930237
INFO:root:lp_test_pred: -0.5072550177574158
INFO:root:Start to test!
INFO:root:Epoch: 50
INFO:root:acc_test_pred: 0.7791666388511658
INFO:root:lp_test_pred: -0.4898289144039154
INFO:root:Epoch: 100
INFO:root:acc_test_pred: 0.7763888835906982
INFO:root:lp_test_pred: -0.4894746243953705
INFO:root:Epoch: 150
INFO:root:acc_test_pred: 0.7798610925674438
INFO:root:lp_test_pred: -0.48604902625083923
INFO:root:Epoch: 200
INFO:root:acc_test_pred: 0.7791666388511658
INFO:root:lp_test_pred: -0.4853934347629547
INFO:root:Start to test!
INFO:root:Epoch: 50
INFO:root:acc_test_pred: 0.7534722089767456
INFO:root:lp_test_pred: -0.5159744024276733
INFO:root:Epoch: 100
INFO:root:acc_test_pred: 0.7548611164093018
INFO:root:lp_test_pred: -0.5156674385070801
INFO:root:Epoch: 150
INFO:root:acc_test_pred: 0.7527777552604675
INFO:root:lp_test_pred: -0.5141641497612
INFO:root:Epoch: 200
INFO:root:acc_test_pred: 0.7527777552604675
INFO:root:lp_test_pred: -0.5141394734382629
INFO:root:Start to test!
INFO:root:Epoch: 50
INFO:root:acc_test_pred: 0.7354166507720947
INFO:root:lp_test_pred: -0.5197814702987671
INFO:root:Epoch: 100
INFO:root:acc_test_pred: 0.7354166507720947
INFO:root:lp_test_pred: -0.5154904127120972
INFO:root:Epoch: 150
INFO:root:acc_test_pred: 0.7347221970558167
INFO:root:lp_test_pred: -0.5153478384017944
INFO:root:Epoch: 200
INFO:root:acc_test_pred: 0.7347221970558167
INFO:root:lp_test_pred: -0.5152081847190857
INFO:root:Start to test!
INFO:root:Epoch: 50
INFO:root:acc_test_pred: 0.7472222447395325
INFO:root:lp_test_pred: -0.5168282985687256
INFO:root:Epoch: 100
INFO:root:acc_test_pred: 0.7479166388511658
INFO:root:lp_test_pred: -0.515889585018158
INFO:root:Epoch: 150
INFO:root:acc_test_pred: 0.7472222447395325
INFO:root:lp_test_pred: -0.5160102248191833
INFO:root:Epoch: 200
INFO:root:acc_test_pred: 0.7451388835906982
INFO:root:lp_test_pred: -0.5160759091377258
INFO:root:Start to test!
INFO:root:Epoch: 50
INFO:root:acc_test_pred: 0.7465277910232544
INFO:root:lp_test_pred: -0.5237054824829102
INFO:root:Epoch: 100
INFO:root:acc_test_pred: 0.7493055462837219
INFO:root:lp_test_pred: -0.5199447870254517
INFO:root:Epoch: 150
INFO:root:acc_test_pred: 0.7506944537162781
INFO:root:lp_test_pred: -0.5204198360443115
INFO:root:Epoch: 200
INFO:root:acc_test_pred: 0.7506944537162781
INFO:root:lp_test_pred: -0.5216522216796875
INFO:root:Start to test!
INFO:root:Epoch: 50
INFO:root:acc_test_pred: 0.7756944298744202
INFO:root:lp_test_pred: -0.4867551922798157
INFO:root:Epoch: 100
INFO:root:acc_test_pred: 0.7763888835906982
INFO:root:lp_test_pred: -0.4824509620666504
INFO:root:Epoch: 150
INFO:root:acc_test_pred: 0.7777777910232544
INFO:root:lp_test_pred: -0.4840739667415619
INFO:root:Epoch: 200
INFO:root:acc_test_pred: 0.7784722447395325
INFO:root:lp_test_pred: -0.48426106572151184
INFO:root:Start to test!
INFO:root:Epoch: 50
INFO:root:acc_test_pred: 0.7604166865348816
INFO:root:lp_test_pred: -0.5027033090591431
INFO:root:Epoch: 100
INFO:root:acc_test_pred: 0.7611111402511597
INFO:root:lp_test_pred: -0.49970948696136475
INFO:root:Epoch: 150
INFO:root:acc_test_pred: 0.7597222328186035
INFO:root:lp_test_pred: -0.4992375671863556
INFO:root:Epoch: 200
INFO:root:acc_test_pred: 0.7604166865348816
INFO:root:lp_test_pred: -0.499131441116333
INFO:root:Start to test!
INFO:root:Epoch: 50
INFO:root:acc_test_pred: 0.7437499761581421
INFO:root:lp_test_pred: -0.5226285457611084
INFO:root:Epoch: 100
INFO:root:acc_test_pred: 0.7437499761581421
INFO:root:lp_test_pred: -0.5194369554519653
INFO:root:Epoch: 150
INFO:root:acc_test_pred: 0.7451388835906982
INFO:root:lp_test_pred: -0.5195007920265198
INFO:root:Epoch: 200
INFO:root:acc_test_pred: 0.7437499761581421
INFO:root:lp_test_pred: -0.5194069743156433
INFO:root:Start to test!
INFO:root:Epoch: 50
INFO:root:acc_test_pred: 0.7395833134651184
INFO:root:lp_test_pred: -0.5481162071228027
INFO:root:Epoch: 100
INFO:root:acc_test_pred: 0.7388888597488403
INFO:root:lp_test_pred: -0.5448365807533264
INFO:root:Epoch: 150
INFO:root:acc_test_pred: 0.7395833134651184
INFO:root:lp_test_pred: -0.5437235236167908
INFO:root:Epoch: 200
INFO:root:acc_test_pred: 0.7395833134651184
INFO:root:lp_test_pred: -0.5436450242996216
INFO:root:The mean of lp_test_pred_list = -0.5106168389320374
INFO:root:The std of lp_test_pred_list = 0.01681446097791195
INFO:root:The mean of lp_test_pred_list = 0.7538889050483704
INFO:root:The std of lp_test_pred_list = 0.014313651248812675
