INFO:root:Start to create graph!
INFO:root:Start to train!
INFO:root:Start to create graph!
INFO:root:Start to train!
INFO:root:Epoch: 500
INFO:root:elbo: -15515.193359375, F: -13328.671875, KL_U:2116.76806640625, KL_X:2248.43701171875, KL_ZX:0.07837849855422974
INFO:root:lp_train: -0.5392739176750183
INFO:root:Epoch: 1000
INFO:root:elbo: -15890.85546875, F: -12960.0322265625, KL_U:1226.020263671875, KL_X:1697.0040283203125, KL_ZX:0.07798320055007935
INFO:root:lp_train: -0.5127338171005249
INFO:root:Epoch: 1500
INFO:root:elbo: -14316.10546875, F: -11639.927734375, KL_U:1341.898193359375, KL_X:1328.8182373046875, KL_ZX:0.05461841821670532
INFO:root:lp_train: -0.4511456787586212
INFO:root:Epoch: 2000
INFO:root:elbo: -13772.794921875, F: -11086.927734375, KL_U:1431.818115234375, KL_X:1250.264892578125, KL_ZX:0.03784392774105072
INFO:root:lp_train: -0.4204665422439575
INFO:root:Epoch: 2500
INFO:root:elbo: -13611.3173828125, F: -10838.7880859375, KL_U:1498.903564453125, KL_X:1270.91162109375, KL_ZX:0.02713829278945923
INFO:root:lp_train: -0.40470099449157715
INFO:root:Epoch: 3000
INFO:root:elbo: -13498.11328125, F: -10644.3203125, KL_U:1549.5772705078125, KL_X:1301.74169921875, KL_ZX:0.024740643799304962
INFO:root:lp_train: -0.396036833524704
INFO:root:Epoch: 3500
INFO:root:elbo: -13438.13671875, F: -10523.3603515625, KL_U:1586.6785888671875, KL_X:1325.90283203125, KL_ZX:0.02194943279027939
INFO:root:lp_train: -0.3901936113834381
INFO:root:Epoch: 4000
INFO:root:elbo: -13429.6767578125, F: -10475.0166015625, KL_U:1609.443603515625, KL_X:1343.27001953125, KL_ZX:0.01946355402469635
INFO:root:lp_train: -0.3864079713821411
INFO:root:Epoch: 4500
INFO:root:elbo: -13369.064453125, F: -10391.9521484375, KL_U:1620.683349609375, KL_X:1354.683349609375, KL_ZX:0.017461702227592468
INFO:root:lp_train: -0.384307861328125
INFO:root:Epoch: 5000
INFO:root:elbo: -13362.9501953125, F: -10369.513671875, KL_U:1629.8802490234375, KL_X:1361.954345703125, KL_ZX:0.016019947826862335
INFO:root:lp_train: -0.38291487097740173
INFO:root:Hyper-parameters in covariance functions is [[ 1.94645953  0.92451084  0.86596823]
 [ 1.78451741  1.05540311  0.66671896]
 [ 1.37286747  1.27954972  0.48566353]
 [ 1.80610514  1.49024272  0.44989258]
 [ 1.20736039  1.0691216   0.7203505 ]
 [ 2.74740171  1.27324247  0.65190804]
 [ 3.86676812  1.82268691  0.62347019]
 [ 2.29789615  2.56621838  0.59684515]
 [ 1.06995809  0.76768756  0.61737442]
 [ 1.68192494  0.70911449  0.73908114]
 [ 2.24708176  1.16391015  0.62278742]
 [ 1.71217465  0.72293115  0.83975732]
 [ 0.82291973  0.65237653  1.44954205]
 [ 1.45595574  0.68501794  0.72546965]
 [ 2.46369982  1.03421986  0.60591406]
 [ 2.84380078  1.6329608   0.68276501]
 [ 0.65449893  0.61164081  0.67229849]
 [ 1.13112867  0.75091743  0.59403938]
 [ 1.58656001  0.7502979   0.69395357]
 [ 2.25377083  0.43672109  2.63656592]
 [ 1.16843772  0.68609399  2.35216284]
 [ 0.94162089  0.58067292  0.67317474]
 [ 1.56276548  0.65611339  0.60715055]
 [ 1.91273355  0.6475352   0.87478167]
 [ 2.6097579   0.69076073  0.83756495]
 [ 1.37225318  0.73308825  0.51519483]
 [ 1.73299146  0.71657324  0.63354427]
 [ 2.16181159  0.79493225  0.79670691]
 [ 1.0357008   1.17748141  0.82121766]
 [ 0.58832693  0.80501837  0.70576417]
 [ 0.89833099  0.5902667   0.89570218]
 [ 1.26876009  0.49763003  0.81851709]
 [ 2.94252753  0.81118679  1.03501511]
 [ 1.58768928  0.59947324  0.71102917]
 [ 2.11244941  0.53177321  0.74319816]
 [ 2.15860033  0.56135696  0.90276444]
 [ 0.75029492  0.638228    0.83191818]
 [ 0.38494951  0.80413026  0.97714901]
 [ 0.9897055   0.48675564  1.25390685]
 [ 1.01269412  0.54808193  0.69241709]
 [ 3.16465425  0.88775635  1.00384831]
 [ 1.16337144  0.45754769  1.13180852]
 [ 1.36418092  0.50508189  1.59073699]
 [ 1.6403805   0.478293    1.57239771]
 [ 1.17636991  0.46213478  1.50103128]
 [ 0.82704526  0.39209276  1.38036323]
 [ 0.45491016  0.48190397  0.74328762]
 [ 0.70617032  0.60439622  0.81325579]
 [ 3.62308145  0.97134751  0.92817056]
 [ 2.02732205  1.83877182  1.5853256 ]
 [ 1.09601188  0.55902249  2.2414372 ]
 [ 1.04583943  0.52986622  1.42660809]
 [ 1.02766562  0.46661747  1.56304371]
 [ 0.83784598  0.44293642  1.00595331]
 [ 0.96034288  0.41937277  1.02191484]
 [ 1.15007806  0.55338049  1.38796234]
 [ 3.00666118  1.00945187  0.83879322]
 [ 1.37061155  1.18948567  1.20698404]
 [ 0.50623602  0.94661373  1.59908164]
 [ 1.39366317  0.52328348  1.46101975]
 [ 1.63910484  0.97232074  1.56190133]
 [ 1.22164321  0.80336368  0.57006955]
 [ 0.91136235  0.44878194  0.86904556]
 [ 1.68066931  0.51335633  0.74633491]
 [ 1.71063221  0.93816644  0.71295738]
 [ 1.36537278  1.04992509  0.78354335]
 [ 1.08311749  0.58840096  0.86921734]
 [ 1.04643333  0.55575883  0.96925968]
 [ 1.40079868  0.77480233  0.67302471]
 [ 0.7572996   0.57961392  0.72296047]
 [ 0.75675273  0.4455063   0.75051576]
 [ 2.03866601  0.69273311  0.61001211]
 [ 1.95156085  1.13911045  0.57304543]
 [ 1.68045962  1.1534493   0.60458738]
 [ 2.36982274  1.01554263  0.75220835]
 [ 1.93332195  0.79528129  0.7318117 ]
 [ 1.58099031  0.73673975  0.70666486]
 [ 1.98159385  0.61272281  0.78453219]
 [ 1.00902963  0.63645685  0.62136006]
 [ 1.3096838   0.79234987  0.58929378]]
INFO:root:Standard deviations of variational distribution for embedding inputs are [[ 0.09056872  0.11904795]
 [ 0.08118477  0.10357741]
 [ 0.07562551  0.1296351 ]
 [ 0.08511809  0.10049795]
 [ 0.07642291  0.0749045 ]
 [ 0.09592797  0.09344709]
 [ 0.08638698  0.08443338]
 [ 0.09027734  0.08620015]
 [ 0.08606609  0.09174438]
 [ 0.07586297  0.06939086]
 [ 0.07781085  0.07510109]
 [ 0.09163793  0.0884295 ]
 [ 0.08359902  0.07524001]
 [ 0.08621809  0.07674821]
 [ 0.077421    0.0943649 ]
 [ 0.0932813   0.10633421]
 [ 0.089562    0.08790331]
 [ 0.08729006  0.07997665]
 [ 0.08386201  0.11964301]
 [ 0.09240879  0.08533084]
 [ 0.07617901  0.06914035]
 [ 0.08533744  0.09480672]
 [ 0.08049898  0.09036311]
 [ 0.08485131  0.08640172]
 [ 0.09104207  0.09645701]
 [ 0.07417169  0.09701987]
 [ 0.08673119  0.09361483]
 [ 0.07576384  0.09348205]
 [ 0.10736868  0.13154267]
 [ 0.07734014  0.1012909 ]
 [ 0.09656604  0.10648503]
 [ 0.09141867  0.1102448 ]
 [ 0.08669686  0.10269769]
 [ 0.07173176  0.07999986]
 [ 0.08977921  0.10198951]
 [ 0.07806823  0.07174686]
 [ 0.08095884  0.07804884]
 [ 0.09151547  0.11869527]
 [ 0.09543397  0.09304506]
 [ 0.10251658  0.0915019 ]
 [ 0.08913472  0.09532932]
 [ 0.09407843  0.08966163]
 [ 0.07757952  0.07569714]
 [ 0.10414563  0.11408938]
 [ 0.10874205  0.0904834 ]
 [ 0.08179651  0.07781306]
 [ 0.08954562  0.09484157]
 [ 0.09104522  0.07895485]
 [ 0.07751928  0.06955883]
 [ 0.09315491  0.08614831]
 [ 0.08183108  0.08204198]
 [ 0.09781422  0.08171441]
 [ 0.08468726  0.09641626]
 [ 0.08176619  0.07823235]
 [ 0.09662317  0.08236133]
 [ 0.09444621  0.09509968]
 [ 0.09190921  0.08160316]
 [ 0.0919503   0.10675682]
 [ 0.09170501  0.07848719]
 [ 0.1053887   0.09089838]
 [ 0.08088375  0.10429125]
 [ 0.08833395  0.10187857]
 [ 0.09271762  0.11487619]
 [ 0.087578    0.1005561 ]
 [ 0.0931152   0.09555914]
 [ 0.07945785  0.10815659]
 [ 0.07752144  0.10020468]
 [ 0.08160779  0.1008093 ]
 [ 0.09228426  0.08823986]
 [ 0.07989053  0.10173364]
 [ 0.09163494  0.07919043]
 [ 0.0838763   0.09750769]
 [ 0.08467955  0.10180238]
 [ 0.08751298  0.07817061]
 [ 0.09750071  0.10803209]
 [ 0.08629593  0.0923077 ]
 [ 0.07600843  0.09607908]
 [ 0.07590376  0.11371514]
 [ 0.08762     0.09486276]
 [ 0.07454135  0.07783857]
 [ 0.09098747  0.10547955]
 [ 0.08700754  0.11461946]
 [ 0.08964793  0.08546603]
 [ 0.08445983  0.08469383]
 [ 0.07729745  0.08014388]
 [ 0.08691038  0.09052697]
 [ 0.0871418   0.09588116]
 [ 0.08986691  0.08883552]
 [ 0.09514283  0.0846657 ]
 [ 0.08680874  0.07620967]
 [ 0.10680227  0.13119641]
 [ 0.11656301  0.09993274]
 [ 0.10936557  0.11930461]
 [ 0.09158632  0.12103371]
 [ 0.11869409  0.12548675]
 [ 0.08383008  0.15830287]
 [ 0.12769234  0.09954318]
 [ 0.13750364  0.093053  ]
 [ 0.11349399  0.0870657 ]
 [ 0.0778292   0.18231165]
 [ 0.07999984  0.10270067]
 [ 0.10610909  0.09876554]
 [ 0.08116296  0.11451932]
 [ 0.08195689  0.10094003]
 [ 0.08662441  0.09511079]
 [ 0.08798227  0.12183649]
 [ 0.08291034  0.08911403]
 [ 0.10464136  0.09543222]
 [ 0.08451837  0.15880567]
 [ 0.08162755  0.13403535]
 [ 0.0782043   0.14346048]
 [ 0.10253221  0.10086411]
 [ 0.09238797  0.09733763]
 [ 0.08891313  0.12434354]
 [ 0.09345007  0.07803643]
 [ 0.0918944   0.10171964]
 [ 0.13332576  0.10972735]
 [ 0.09489308  0.13029172]
 [ 0.07633208  0.11197305]
 [ 0.08462454  0.09084077]
 [ 0.08487557  0.07888679]
 [ 0.07593609  0.07395793]
 [ 0.08864748  0.10033391]
 [ 0.10495515  0.108779  ]
 [ 0.09001109  0.09646156]
 [ 0.08799066  0.08746959]
 [ 0.11564304  0.12222423]
 [ 0.10773965  0.11922406]
 [ 0.10758782  0.11934336]
 [ 0.16600616  0.09126424]
 [ 0.1068872   0.12017344]
 [ 0.0732324   0.06904976]
 [ 0.10476702  0.10940093]
 [ 0.0950361   0.09958392]
 [ 0.08985855  0.09521709]
 [ 0.10161001  0.1233586 ]
 [ 0.10847539  0.11596981]
 [ 0.10365389  0.1027525 ]
 [ 0.10377105  0.08837321]
 [ 0.13735306  0.14644884]
 [ 0.112473    0.09687663]
 [ 0.12984297  0.12090216]
 [ 0.15244967  0.13423219]
 [ 0.11321439  0.10485003]
 [ 0.12118871  0.13614267]
 [ 0.09760547  0.1113196 ]
 [ 0.09477711  0.11808606]
 [ 0.14052525  0.14793317]
 [ 0.12245997  0.09683682]
 [ 0.09031609  0.09330588]
 [ 0.08761311  0.14726929]
 [ 0.0813989   0.0824466 ]
 [ 0.08400016  0.07658657]
 [ 0.09087634  0.09488878]
 [ 0.12323461  0.08195712]
 [ 0.09725088  0.08243991]
 [ 0.07128806  0.08063944]
 [ 0.07809708  0.08431819]
 [ 0.07558059  0.08097382]
 [ 0.08206388  0.08890972]
 [ 0.07869615  0.09613398]
 [ 0.0875269   0.07199557]
 [ 0.10223921  0.10540098]
 [ 0.07735764  0.09195171]
 [ 0.08438198  0.1131813 ]
 [ 0.07629128  0.08788194]
 [ 0.0818389   0.09698266]
 [ 0.10380054  0.10676016]
 [ 0.08902159  0.10625237]
 [ 0.13343847  0.10790081]
 [ 0.08320083  0.09370723]
 [ 0.08402153  0.13346684]
 [ 0.0959464   0.08358002]
 [ 0.10515874  0.10911379]
 [ 0.08212235  0.08638126]
 [ 0.08101862  0.08402261]
 [ 0.07671425  0.0856429 ]
 [ 0.08792029  0.11520439]
 [ 0.0800814   0.0998426 ]
 [ 0.08487274  0.09942955]
 [ 0.10328595  0.11128399]
 [ 0.10269911  0.19810963]
 [ 0.07415364  0.10618646]
 [ 0.07524779  0.07426245]
 [ 0.09718484  0.1043839 ]
 [ 0.08555968  0.10024967]
 [ 0.10223876  0.12935776]
 [ 0.13755006  0.14636305]
 [ 0.11546975  0.11584565]
 [ 0.08358696  0.09493254]
 [ 0.0774366   0.07039762]
 [ 0.08040624  0.08149541]
 [ 0.12725054  0.12261172]
 [ 0.08878595  0.11866429]
 [ 0.07666028  0.10262636]
 [ 0.12744908  0.11959664]
 [ 0.10618906  0.14086786]
 [ 0.09252584  0.10773205]
 [ 0.1017439   0.11490166]
 [ 0.09884493  0.13183783]
 [ 0.089453    0.11032095]
 [ 0.11364318  0.12782621]
 [ 0.06921927  0.06937345]
 [ 0.09845349  0.15586308]
 [ 0.08943599  0.0692369 ]
 [ 0.11247972  0.12083585]
 [ 0.10862721  0.13559179]
 [ 0.10512049  0.12304921]
 [ 0.07194162  0.08822028]
 [ 0.10485226  0.13009228]
 [ 0.08849614  0.13279477]
 [ 0.08355892  0.10091667]
 [ 0.08611726  0.10445999]
 [ 0.08524501  0.10992394]
 [ 0.09228224  0.1290123 ]
 [ 0.089862    0.12254631]
 [ 0.10378951  0.11814371]
 [ 0.09487773  0.11911678]
 [ 0.09210338  0.11576138]
 [ 0.09253366  0.1331788 ]
 [ 0.14294913  0.11473421]
 [ 0.10062289  0.15518549]
 [ 0.08824921  0.11043251]
 [ 0.08191876  0.10353428]
 [ 0.10314679  0.11833755]
 [ 0.0797186   0.11280366]
 [ 0.08844118  0.1184225 ]
 [ 0.09551357  0.10924423]
 [ 0.09469916  0.10889027]
 [ 0.09456363  0.08651574]
 [ 0.0997299   0.13578673]
 [ 0.09039567  0.10996345]
 [ 0.0949825   0.12337919]
 [ 0.08670046  0.12116712]
 [ 0.07692642  0.08077917]
 [ 0.09128611  0.10971872]
 [ 0.10069703  0.11453931]
 [ 0.09177857  0.09658507]
 [ 0.10231931  0.10784999]
 [ 0.09235525  0.12115029]
 [ 0.09688839  0.12084251]
 [ 0.08492412  0.09996533]
 [ 0.10329482  0.14921464]
 [ 0.09004219  0.13587259]
 [ 0.09788367  0.0996369 ]
 [ 0.12238549  0.13375048]
 [ 0.11265941  0.10051964]
 [ 0.0747833   0.08143984]
 [ 0.10925972  0.0850392 ]
 [ 0.09458645  0.11698824]
 [ 0.09094948  0.12025234]
 [ 0.09424539  0.10717742]
 [ 0.08877809  0.0965431 ]
 [ 0.07394165  0.10416513]
 [ 0.08038033  0.13670072]
 [ 0.07257188  0.08961222]
 [ 0.08877312  0.09756924]
 [ 0.08185911  0.09019947]
 [ 0.07553649  0.12598702]
 [ 0.0912983   0.17907014]
 [ 0.09709676  0.08179696]
 [ 0.1018589   0.11696593]
 [ 0.1044694   0.07722439]
 [ 0.10592028  0.09733276]
 [ 0.11546531  0.09819432]
 [ 0.08907004  0.11569351]
 [ 0.09059232  0.09596571]
 [ 0.12758912  0.09449899]
 [ 0.07416564  0.11712114]
 [ 0.08485851  0.09009848]
 [ 0.08564685  0.12575433]
 [ 0.11295289  0.10044971]
 [ 0.07698493  0.09427937]
 [ 0.07453675  0.13465071]
 [ 0.07659268  0.09792615]
 [ 0.08386333  0.0896799 ]
 [ 0.0946987   0.09231791]
 [ 0.09463316  0.10356116]
 [ 0.08224854  0.11319571]
 [ 0.07013286  0.11478122]
 [ 0.10056111  0.08858781]
 [ 0.0805741   0.14416525]
 [ 0.10108502  0.09461218]
 [ 0.08650479  0.09590071]
 [ 0.0843358   0.09443629]
 [ 0.08373865  0.10550001]
 [ 0.08338061  0.0959518 ]
 [ 0.11281706  0.10156796]
 [ 0.07495014  0.10434987]
 [ 0.08211324  0.1081495 ]
 [ 0.07906293  0.11303408]
 [ 0.0752767   0.10268547]
 [ 0.10453386  0.10641433]
 [ 0.07008687  0.1071429 ]
 [ 0.08136035  0.09805872]
 [ 0.07522777  0.1026686 ]
 [ 0.08127642  0.12351105]
 [ 0.10085142  0.09983175]
 [ 0.10215721  0.08941555]
 [ 0.10631859  0.1049815 ]]
INFO:root:Standard deviations of prior distribution for embedding inputs are 1.0
INFO:root:Start to create graph!
INFO:tensorflow:Restoring parameters from ./model/model_tem.ckpt
INFO:root:Start to test!
INFO:root:Epoch: 50
INFO:root:acc_test_pred: 0.7493055462837219
INFO:root:lp_test_pred: -0.5210581421852112
INFO:root:Epoch: 100
INFO:root:acc_test_pred: 0.7479166388511658
INFO:root:lp_test_pred: -0.5224055051803589
INFO:root:Epoch: 150
INFO:root:acc_test_pred: 0.7479166388511658
INFO:root:lp_test_pred: -0.5220023393630981
INFO:root:Epoch: 200
INFO:root:acc_test_pred: 0.7472222447395325
INFO:root:lp_test_pred: -0.5222026109695435
INFO:root:Start to test!
INFO:root:Epoch: 50
INFO:root:acc_test_pred: 0.7784722447395325
INFO:root:lp_test_pred: -0.4922351539134979
INFO:root:Epoch: 100
INFO:root:acc_test_pred: 0.7784722447395325
INFO:root:lp_test_pred: -0.4888871908187866
INFO:root:Epoch: 150
INFO:root:acc_test_pred: 0.7784722447395325
INFO:root:lp_test_pred: -0.48637712001800537
INFO:root:Epoch: 200
INFO:root:acc_test_pred: 0.7805555462837219
INFO:root:lp_test_pred: -0.48589977622032166
INFO:root:Start to test!
INFO:root:Epoch: 50
INFO:root:acc_test_pred: 0.7548611164093018
INFO:root:lp_test_pred: -0.5233988165855408
INFO:root:Epoch: 100
INFO:root:acc_test_pred: 0.7562500238418579
INFO:root:lp_test_pred: -0.5200227499008179
INFO:root:Epoch: 150
INFO:root:acc_test_pred: 0.7562500238418579
INFO:root:lp_test_pred: -0.5199723839759827
INFO:root:Epoch: 200
INFO:root:acc_test_pred: 0.7562500238418579
INFO:root:lp_test_pred: -0.5199647545814514
INFO:root:Start to test!
INFO:root:Epoch: 50
INFO:root:acc_test_pred: 0.7395833134651184
INFO:root:lp_test_pred: -0.5251373052597046
INFO:root:Epoch: 100
INFO:root:acc_test_pred: 0.737500011920929
INFO:root:lp_test_pred: -0.5223066210746765
INFO:root:Epoch: 150
INFO:root:acc_test_pred: 0.737500011920929
INFO:root:lp_test_pred: -0.5229243636131287
INFO:root:Epoch: 200
INFO:root:acc_test_pred: 0.7368055582046509
INFO:root:lp_test_pred: -0.5230658054351807
INFO:root:Start to test!
INFO:root:Epoch: 50
INFO:root:acc_test_pred: 0.7486110925674438
INFO:root:lp_test_pred: -0.5168176889419556
INFO:root:Epoch: 100
INFO:root:acc_test_pred: 0.7534722089767456
INFO:root:lp_test_pred: -0.5175400376319885
INFO:root:Epoch: 150
INFO:root:acc_test_pred: 0.7520833611488342
INFO:root:lp_test_pred: -0.5184462666511536
INFO:root:Epoch: 200
INFO:root:acc_test_pred: 0.7527777552604675
INFO:root:lp_test_pred: -0.5185188055038452
INFO:root:Start to test!
INFO:root:Epoch: 50
INFO:root:acc_test_pred: 0.7409722208976746
INFO:root:lp_test_pred: -0.5243253111839294
INFO:root:Epoch: 100
INFO:root:acc_test_pred: 0.7444444298744202
INFO:root:lp_test_pred: -0.5219875574111938
INFO:root:Epoch: 150
INFO:root:acc_test_pred: 0.7458333373069763
INFO:root:lp_test_pred: -0.5213413834571838
INFO:root:Epoch: 200
INFO:root:acc_test_pred: 0.7465277910232544
INFO:root:lp_test_pred: -0.5204057693481445
INFO:root:Start to test!
INFO:root:Epoch: 50
INFO:root:acc_test_pred: 0.7701388597488403
INFO:root:lp_test_pred: -0.4989142417907715
INFO:root:Epoch: 100
INFO:root:acc_test_pred: 0.7708333134651184
INFO:root:lp_test_pred: -0.4970243573188782
INFO:root:Epoch: 150
INFO:root:acc_test_pred: 0.7708333134651184
INFO:root:lp_test_pred: -0.4968799650669098
INFO:root:Epoch: 200
INFO:root:acc_test_pred: 0.7715277671813965
INFO:root:lp_test_pred: -0.49663245677948
INFO:root:Start to test!
INFO:root:Epoch: 50
INFO:root:acc_test_pred: 0.7569444179534912
INFO:root:lp_test_pred: -0.503910481929779
INFO:root:Epoch: 100
INFO:root:acc_test_pred: 0.7590277791023254
INFO:root:lp_test_pred: -0.5027517676353455
INFO:root:Epoch: 150
INFO:root:acc_test_pred: 0.7583333253860474
INFO:root:lp_test_pred: -0.5026000738143921
INFO:root:Epoch: 200
INFO:root:acc_test_pred: 0.7583333253860474
INFO:root:lp_test_pred: -0.5025883316993713
INFO:root:Start to test!
INFO:root:Epoch: 50
INFO:root:acc_test_pred: 0.7423611283302307
INFO:root:lp_test_pred: -0.5215594172477722
INFO:root:Epoch: 100
INFO:root:acc_test_pred: 0.7444444298744202
INFO:root:lp_test_pred: -0.5187039971351624
INFO:root:Epoch: 150
INFO:root:acc_test_pred: 0.7451388835906982
INFO:root:lp_test_pred: -0.5177041292190552
INFO:root:Epoch: 200
INFO:root:acc_test_pred: 0.7444444298744202
INFO:root:lp_test_pred: -0.5171622633934021
INFO:root:Start to test!
INFO:root:Epoch: 50
INFO:root:acc_test_pred: 0.7437499761581421
INFO:root:lp_test_pred: -0.543832540512085
INFO:root:Epoch: 100
INFO:root:acc_test_pred: 0.7437499761581421
INFO:root:lp_test_pred: -0.5430068373680115
INFO:root:Epoch: 150
INFO:root:acc_test_pred: 0.7423611283302307
INFO:root:lp_test_pred: -0.5433353185653687
INFO:root:Epoch: 200
INFO:root:acc_test_pred: 0.7430555820465088
INFO:root:lp_test_pred: -0.5433693528175354
INFO:root:The mean of lp_test_pred_list = -0.5149809718132019
INFO:root:The std of lp_test_pred_list = 0.015267347916960716
INFO:root:The mean of lp_test_pred_list = 0.7537500262260437
INFO:root:The std of lp_test_pred_list = 0.012828245759010315
