INFO:root:Start to create graph!
INFO:root:Start to train!
INFO:root:Start to create graph!
INFO:root:Start to train!
INFO:root:Epoch: 500
INFO:root:elbo: -15515.35546875, F: -13329.404296875, KL_U:2115.27587890625, KL_X:2248.847412109375, KL_ZX:0.07778811454772949
INFO:root:lp_train: -0.53948974609375
INFO:root:Epoch: 1000
INFO:root:elbo: -15875.232421875, F: -12923.068359375, KL_U:1248.2315673828125, KL_X:1696.218017578125, KL_ZX:0.07714474201202393
INFO:root:lp_train: -0.5104365944862366
INFO:root:Epoch: 1500
INFO:root:elbo: -14405.8271484375, F: -11733.8837890625, KL_U:1335.978515625, KL_X:1330.305419921875, KL_ZX:0.05659094452857971
INFO:root:lp_train: -0.453827828168869
INFO:root:Epoch: 2000
INFO:root:elbo: -13914.0361328125, F: -11231.244140625, KL_U:1426.302490234375, KL_X:1251.33642578125, KL_ZX:0.051532015204429626
INFO:root:lp_train: -0.4250463843345642
INFO:root:Epoch: 2500
INFO:root:elbo: -13677.4765625, F: -10897.216796875, KL_U:1498.8453369140625, KL_X:1277.396728515625, KL_ZX:0.04017530381679535
INFO:root:lp_train: -0.40932145714759827
INFO:root:Epoch: 3000
INFO:root:elbo: -13580.455078125, F: -10702.328125, KL_U:1560.12939453125, KL_X:1314.614013671875, KL_ZX:0.03383558988571167
INFO:root:lp_train: -0.39806029200553894
INFO:root:Epoch: 3500
INFO:root:elbo: -13524.5595703125, F: -10561.8076171875, KL_U:1611.4072265625, KL_X:1348.281494140625, KL_ZX:0.03063143789768219
INFO:root:lp_train: -0.39051660895347595
INFO:root:Epoch: 4000
INFO:root:elbo: -13471.775390625, F: -10443.4404296875, KL_U:1648.313232421875, KL_X:1377.18896484375, KL_ZX:0.02832646667957306
INFO:root:lp_train: -0.3848412334918976
INFO:root:Epoch: 4500
INFO:root:elbo: -13476.2607421875, F: -10402.951171875, KL_U:1671.585205078125, KL_X:1399.0068359375, KL_ZX:0.02717570960521698
INFO:root:lp_train: -0.3815889358520508
INFO:root:Epoch: 5000
INFO:root:elbo: -13427.1904296875, F: -10323.8720703125, KL_U:1684.8328857421875, KL_X:1415.8720703125, KL_ZX:0.026135295629501343
INFO:root:lp_train: -0.3791782557964325
