INFO:root:Start to create graph!
INFO:root:Start to train!
INFO:root:Start to create graph!
INFO:root:Start to train!
INFO:root:Epoch: 500
INFO:root:elbo: -15543.3759765625, F: -13361.8701171875, KL_U:2116.073974609375, KL_X:2246.937255859375, KL_ZX:0.08972513675689697
INFO:root:lp_train: -0.5404817461967468
INFO:root:Epoch: 1000
INFO:root:elbo: -15896.41015625, F: -12965.7861328125, KL_U:1236.8365478515625, KL_X:1693.7879638671875, KL_ZX:0.09772878885269165
INFO:root:lp_train: -0.512097179889679
INFO:root:Epoch: 1500
INFO:root:elbo: -14428.0146484375, F: -11778.625, KL_U:1322.1419677734375, KL_X:1327.2476806640625, KL_ZX:0.0770484209060669
INFO:root:lp_train: -0.45578697323799133
INFO:root:Epoch: 2000
INFO:root:elbo: -13916.29296875, F: -11260.3994140625, KL_U:1411.0283203125, KL_X:1244.8648681640625, KL_ZX:0.06596963107585907
INFO:root:lp_train: -0.4266471266746521
INFO:root:Epoch: 2500
INFO:root:elbo: -13676.390625, F: -10915.095703125, KL_U:1490.487060546875, KL_X:1270.80810546875, KL_ZX:0.04972007870674133
INFO:root:lp_train: -0.4104812741279602
INFO:root:Epoch: 3000
INFO:root:elbo: -13586.783203125, F: -10727.5908203125, KL_U:1553.96044921875, KL_X:1305.2318115234375, KL_ZX:0.04097418487071991
INFO:root:lp_train: -0.3995986878871918
INFO:root:Epoch: 3500
INFO:root:elbo: -13519.876953125, F: -10579.7861328125, KL_U:1605.07080078125, KL_X:1335.01953125, KL_ZX:0.03680279850959778
INFO:root:lp_train: -0.39198505878448486
INFO:root:Epoch: 4000
INFO:root:elbo: -13478.2744140625, F: -10476.689453125, KL_U:1643.0526123046875, KL_X:1358.5322265625, KL_ZX:0.03435862809419632
INFO:root:lp_train: -0.38712257146835327
INFO:root:Epoch: 4500
INFO:root:elbo: -13478.9248046875, F: -10427.0205078125, KL_U:1676.05517578125, KL_X:1375.84912109375, KL_ZX:0.033730581402778625
INFO:root:lp_train: -0.38342994451522827
INFO:root:Epoch: 5000
INFO:root:elbo: -13447.033203125, F: -10349.876953125, KL_U:1706.9732666015625, KL_X:1390.182373046875, KL_ZX:0.032006196677684784
INFO:root:lp_train: -0.3802797794342041
INFO:root:Start to create graph!
INFO:tensorflow:Restoring parameters from ./model/model_tem.ckpt
INFO:root:Start to test!
INFO:root:Epoch: 50
INFO:root:acc_test_pred: 0.7451388835906982
INFO:root:lp_test_pred: -0.5265912413597107
INFO:root:Epoch: 100
INFO:root:acc_test_pred: 0.7444444298744202
INFO:root:lp_test_pred: -0.5251627564430237
INFO:root:Epoch: 150
INFO:root:acc_test_pred: 0.7444444298744202
INFO:root:lp_test_pred: -0.524818480014801
INFO:root:Epoch: 200
INFO:root:acc_test_pred: 0.7437499761581421
INFO:root:lp_test_pred: -0.524820864200592
INFO:root:Start to test!
INFO:root:Epoch: 50
INFO:root:acc_test_pred: 0.7770833373069763
INFO:root:lp_test_pred: -0.4778726398944855
INFO:root:Epoch: 100
INFO:root:acc_test_pred: 0.7805555462837219
INFO:root:lp_test_pred: -0.47563475370407104
INFO:root:Epoch: 150
INFO:root:acc_test_pred: 0.78125
INFO:root:lp_test_pred: -0.4743703305721283
INFO:root:Epoch: 200
INFO:root:acc_test_pred: 0.7805555462837219
INFO:root:lp_test_pred: -0.473816841840744
INFO:root:Start to test!
INFO:root:Epoch: 50
INFO:root:acc_test_pred: 0.7590277791023254
INFO:root:lp_test_pred: -0.5294032692909241
INFO:root:Epoch: 100
INFO:root:acc_test_pred: 0.762499988079071
INFO:root:lp_test_pred: -0.5259383320808411
INFO:root:Epoch: 150
INFO:root:acc_test_pred: 0.7631944417953491
INFO:root:lp_test_pred: -0.5226350426673889
INFO:root:Epoch: 200
INFO:root:acc_test_pred: 0.7638888955116272
INFO:root:lp_test_pred: -0.5226387977600098
INFO:root:Start to test!
INFO:root:Epoch: 50
INFO:root:acc_test_pred: 0.7534722089767456
INFO:root:lp_test_pred: -0.5089155435562134
INFO:root:Epoch: 100
INFO:root:acc_test_pred: 0.7527777552604675
INFO:root:lp_test_pred: -0.5096314549446106
INFO:root:Epoch: 150
INFO:root:acc_test_pred: 0.7541666626930237
INFO:root:lp_test_pred: -0.5092755556106567
INFO:root:Epoch: 200
INFO:root:acc_test_pred: 0.7541666626930237
INFO:root:lp_test_pred: -0.5092667937278748
INFO:root:Start to test!
INFO:root:Epoch: 50
INFO:root:acc_test_pred: 0.7472222447395325
INFO:root:lp_test_pred: -0.5198546648025513
INFO:root:Epoch: 100
INFO:root:acc_test_pred: 0.7541666626930237
INFO:root:lp_test_pred: -0.5141993165016174
INFO:root:Epoch: 150
INFO:root:acc_test_pred: 0.7541666626930237
INFO:root:lp_test_pred: -0.5134150981903076
INFO:root:Epoch: 200
INFO:root:acc_test_pred: 0.7541666626930237
INFO:root:lp_test_pred: -0.5134098529815674
INFO:root:Start to test!
INFO:root:Epoch: 50
INFO:root:acc_test_pred: 0.7520833611488342
INFO:root:lp_test_pred: -0.5174006819725037
INFO:root:Epoch: 100
INFO:root:acc_test_pred: 0.7472222447395325
INFO:root:lp_test_pred: -0.521009087562561
INFO:root:Epoch: 150
INFO:root:acc_test_pred: 0.7451388835906982
INFO:root:lp_test_pred: -0.5216253399848938
INFO:root:Epoch: 200
INFO:root:acc_test_pred: 0.7451388835906982
INFO:root:lp_test_pred: -0.5214819312095642
INFO:root:Start to test!
INFO:root:Epoch: 50
INFO:root:acc_test_pred: 0.7666666507720947
INFO:root:lp_test_pred: -0.5054123997688293
INFO:root:Epoch: 100
INFO:root:acc_test_pred: 0.769444465637207
INFO:root:lp_test_pred: -0.5045167803764343
INFO:root:Epoch: 150
INFO:root:acc_test_pred: 0.768750011920929
INFO:root:lp_test_pred: -0.504349946975708
INFO:root:Epoch: 200
INFO:root:acc_test_pred: 0.768750011920929
INFO:root:lp_test_pred: -0.5043477416038513
INFO:root:Start to test!
INFO:root:Epoch: 50
INFO:root:acc_test_pred: 0.7451388835906982
INFO:root:lp_test_pred: -0.5087409019470215
INFO:root:Epoch: 100
INFO:root:acc_test_pred: 0.7444444298744202
INFO:root:lp_test_pred: -0.5111709237098694
INFO:root:Epoch: 150
INFO:root:acc_test_pred: 0.7430555820465088
INFO:root:lp_test_pred: -0.5092811584472656
INFO:root:Epoch: 200
INFO:root:acc_test_pred: 0.7430555820465088
INFO:root:lp_test_pred: -0.5081032514572144
INFO:root:Start to test!
INFO:root:Epoch: 50
INFO:root:acc_test_pred: 0.7368055582046509
INFO:root:lp_test_pred: -0.5358354449272156
INFO:root:Epoch: 100
INFO:root:acc_test_pred: 0.7368055582046509
INFO:root:lp_test_pred: -0.5331318378448486
INFO:root:Epoch: 150
INFO:root:acc_test_pred: 0.7361111044883728
INFO:root:lp_test_pred: -0.5324596166610718
INFO:root:Epoch: 200
INFO:root:acc_test_pred: 0.7361111044883728
INFO:root:lp_test_pred: -0.532031774520874
INFO:root:Start to test!
INFO:root:Epoch: 50
INFO:root:acc_test_pred: 0.7284722328186035
INFO:root:lp_test_pred: -0.5556634664535522
INFO:root:Epoch: 100
INFO:root:acc_test_pred: 0.7284722328186035
INFO:root:lp_test_pred: -0.5552682876586914
INFO:root:Epoch: 150
INFO:root:acc_test_pred: 0.7277777791023254
INFO:root:lp_test_pred: -0.5561252236366272
INFO:root:Epoch: 200
INFO:root:acc_test_pred: 0.7277777791023254
INFO:root:lp_test_pred: -0.5561386346817017
INFO:root:The mean of lp_test_pred_list = -0.5166056156158447
INFO:root:The std of lp_test_pred_list = 0.02011464722454548
INFO:root:The mean of lp_test_pred_list = 0.7517361640930176
INFO:root:The std of lp_test_pred_list = 0.015100773423910141
