INFO:root:Start to create graph!
INFO:root:Start to train!
INFO:root:Start to create graph!
INFO:root:Start to train!
INFO:root:Epoch: 500
INFO:root:elbo: -15522.5146484375, F: -13337.900390625, KL_U:2119.66455078125, KL_X:2247.841796875, KL_ZX:0.08611178398132324
INFO:root:lp_train: -0.5398375391960144
INFO:root:Epoch: 1000
INFO:root:elbo: -15893.9111328125, F: -12957.72265625, KL_U:1239.55712890625, KL_X:1694.751953125, KL_ZX:0.0939723551273346
INFO:root:lp_train: -0.5119383931159973
INFO:root:Epoch: 1500
INFO:root:elbo: -14412.396484375, F: -11760.955078125, KL_U:1323.784423828125, KL_X:1326.20458984375, KL_ZX:0.07264164090156555
INFO:root:lp_train: -0.4552428424358368
INFO:root:Epoch: 2000
INFO:root:elbo: -13923.796875, F: -11267.650390625, KL_U:1410.1014404296875, KL_X:1244.872314453125, KL_ZX:0.05865661799907684
INFO:root:lp_train: -0.42666929960250854
INFO:root:Epoch: 2500
INFO:root:elbo: -13669.5859375, F: -10909.412109375, KL_U:1487.3662109375, KL_X:1271.885986328125, KL_ZX:0.04609443247318268
INFO:root:lp_train: -0.41006413102149963
INFO:root:Epoch: 3000
INFO:root:elbo: -13564.869140625, F: -10702.564453125, KL_U:1550.701904296875, KL_X:1310.848388671875, KL_ZX:0.037714883685112
INFO:root:lp_train: -0.39875778555870056
INFO:root:Epoch: 3500
INFO:root:elbo: -13517.134765625, F: -10565.1357421875, KL_U:1605.4473876953125, KL_X:1345.876953125, KL_ZX:0.03375008702278137
INFO:root:lp_train: -0.390860915184021
INFO:root:Epoch: 4000
INFO:root:elbo: -13455.7119140625, F: -10436.064453125, KL_U:1643.4473876953125, KL_X:1375.5738525390625, KL_ZX:0.0313291922211647
INFO:root:lp_train: -0.3854160010814667
INFO:root:Epoch: 4500
INFO:root:elbo: -13455.716796875, F: -10387.705078125, KL_U:1668.95166015625, KL_X:1398.45068359375, KL_ZX:0.030448436737060547
INFO:root:lp_train: -0.38172468543052673
INFO:root:Epoch: 5000
INFO:root:elbo: -13421.59765625, F: -10318.4501953125, KL_U:1684.89306640625, KL_X:1417.668701171875, KL_ZX:0.029300600290298462
INFO:root:lp_train: -0.37901943922042847
