INFO:root:Start to create graph!
INFO:root:Start to train!
INFO:root:Start to create graph!
INFO:root:Start to train!
INFO:root:Epoch: 500
INFO:root:elbo: -15591.3203125, F: -13395.5439453125, KL_U:2107.505615234375, KL_X:2256.341552734375, KL_ZX:0.05541348457336426
INFO:root:lp_train: -0.5420509576797485
INFO:root:Epoch: 1000
INFO:root:elbo: -15911.947265625, F: -12922.349609375, KL_U:1264.68115234375, KL_X:1703.62646484375, KL_ZX:0.04258084297180176
INFO:root:lp_train: -0.5096593499183655
INFO:root:Epoch: 1500
INFO:root:elbo: -14374.650390625, F: -11644.4326171875, KL_U:1378.4561767578125, KL_X:1341.0113525390625, KL_ZX:0.021500155329704285
INFO:root:lp_train: -0.44963207840919495
INFO:root:Epoch: 2000
INFO:root:elbo: -13949.193359375, F: -11233.669921875, KL_U:1446.68115234375, KL_X:1264.07763671875, KL_ZX:0.009529836475849152
INFO:root:lp_train: -0.4252680242061615
INFO:root:Epoch: 2500
INFO:root:elbo: -13708.751953125, F: -10927.4111328125, KL_U:1503.3123779296875, KL_X:1275.045166015625, KL_ZX:0.005967326462268829
INFO:root:lp_train: -0.4101524353027344
INFO:root:Epoch: 3000
INFO:root:elbo: -13550.36328125, F: -10683.779296875, KL_U:1563.546875, KL_X:1300.97216796875, KL_ZX:0.004130471497774124
INFO:root:lp_train: -0.3973315358161926
INFO:root:Epoch: 3500
INFO:root:elbo: -13445.419921875, F: -10493.154296875, KL_U:1620.515869140625, KL_X:1329.946044921875, KL_ZX:0.003606736660003662
INFO:root:lp_train: -0.38834530115127563
INFO:root:Epoch: 4000
INFO:root:elbo: -13396.8212890625, F: -10382.451171875, KL_U:1658.348876953125, KL_X:1354.147216796875, KL_ZX:0.003748539835214615
INFO:root:lp_train: -0.38284528255462646
INFO:root:Epoch: 4500
INFO:root:elbo: -13400.271484375, F: -10340.4658203125, KL_U:1686.331298828125, KL_X:1371.40625, KL_ZX:0.0041352324187755585
INFO:root:lp_train: -0.3792284429073334
INFO:root:Epoch: 5000
INFO:root:elbo: -13351.4853515625, F: -10263.7841796875, KL_U:1703.537841796875, KL_X:1382.0555419921875, KL_ZX:0.004215210676193237
INFO:root:lp_train: -0.376962274312973
INFO:root:Start to create graph!
INFO:tensorflow:Restoring parameters from ./model/model_tem.ckpt
INFO:root:Start to test!
INFO:root:Epoch: 50
INFO:root:acc_test_pred: 0.7395833134651184
INFO:root:lp_test_pred: -0.5143715739250183
INFO:root:Epoch: 100
INFO:root:acc_test_pred: 0.7402777671813965
INFO:root:lp_test_pred: -0.5142723321914673
INFO:root:Epoch: 150
INFO:root:acc_test_pred: 0.738194465637207
INFO:root:lp_test_pred: -0.5146791338920593
INFO:root:Epoch: 200
INFO:root:acc_test_pred: 0.738194465637207
INFO:root:lp_test_pred: -0.5146805047988892
INFO:root:Start to test!
INFO:root:Epoch: 50
INFO:root:acc_test_pred: 0.7611111402511597
INFO:root:lp_test_pred: -0.48887044191360474
INFO:root:Epoch: 100
INFO:root:acc_test_pred: 0.7569444179534912
INFO:root:lp_test_pred: -0.4894956946372986
INFO:root:Epoch: 150
INFO:root:acc_test_pred: 0.7590277791023254
INFO:root:lp_test_pred: -0.4873373210430145
INFO:root:Epoch: 200
INFO:root:acc_test_pred: 0.7583333253860474
INFO:root:lp_test_pred: -0.4866824150085449
INFO:root:Start to test!
INFO:root:Epoch: 50
INFO:root:acc_test_pred: 0.7493055462837219
INFO:root:lp_test_pred: -0.5205981731414795
INFO:root:Epoch: 100
INFO:root:acc_test_pred: 0.7513889074325562
INFO:root:lp_test_pred: -0.520672619342804
INFO:root:Epoch: 150
INFO:root:acc_test_pred: 0.7493055462837219
INFO:root:lp_test_pred: -0.520958423614502
INFO:root:Epoch: 200
INFO:root:acc_test_pred: 0.7493055462837219
INFO:root:lp_test_pred: -0.5209721326828003
INFO:root:Start to test!
INFO:root:Epoch: 50
INFO:root:acc_test_pred: 0.7416666746139526
INFO:root:lp_test_pred: -0.5199105739593506
INFO:root:Epoch: 100
INFO:root:acc_test_pred: 0.7430555820465088
INFO:root:lp_test_pred: -0.5157883763313293
INFO:root:Epoch: 150
INFO:root:acc_test_pred: 0.7416666746139526
INFO:root:lp_test_pred: -0.5155515074729919
INFO:root:Epoch: 200
INFO:root:acc_test_pred: 0.7416666746139526
INFO:root:lp_test_pred: -0.5159637331962585
INFO:root:Start to test!
INFO:root:Epoch: 50
INFO:root:acc_test_pred: 0.7409722208976746
INFO:root:lp_test_pred: -0.5110833644866943
INFO:root:Epoch: 100
INFO:root:acc_test_pred: 0.738194465637207
INFO:root:lp_test_pred: -0.5109012722969055
INFO:root:Epoch: 150
INFO:root:acc_test_pred: 0.737500011920929
INFO:root:lp_test_pred: -0.5119430422782898
INFO:root:Epoch: 200
INFO:root:acc_test_pred: 0.737500011920929
INFO:root:lp_test_pred: -0.5119494199752808
INFO:root:Start to test!
INFO:root:Epoch: 50
INFO:root:acc_test_pred: 0.7541666626930237
INFO:root:lp_test_pred: -0.5073078870773315
INFO:root:Epoch: 100
INFO:root:acc_test_pred: 0.7534722089767456
INFO:root:lp_test_pred: -0.5051155090332031
INFO:root:Epoch: 150
INFO:root:acc_test_pred: 0.7513889074325562
INFO:root:lp_test_pred: -0.5053106546401978
INFO:root:Epoch: 200
INFO:root:acc_test_pred: 0.75
INFO:root:lp_test_pred: -0.505382776260376
INFO:root:Start to test!
INFO:root:Epoch: 50
INFO:root:acc_test_pred: 0.7743055820465088
INFO:root:lp_test_pred: -0.4872525632381439
INFO:root:Epoch: 100
INFO:root:acc_test_pred: 0.7749999761581421
INFO:root:lp_test_pred: -0.4859766662120819
INFO:root:Epoch: 150
INFO:root:acc_test_pred: 0.7736111283302307
INFO:root:lp_test_pred: -0.4859037697315216
INFO:root:Epoch: 200
INFO:root:acc_test_pred: 0.7736111283302307
INFO:root:lp_test_pred: -0.48590677976608276
INFO:root:Start to test!
INFO:root:Epoch: 50
INFO:root:acc_test_pred: 0.762499988079071
INFO:root:lp_test_pred: -0.49620938301086426
INFO:root:Epoch: 100
INFO:root:acc_test_pred: 0.7666666507720947
INFO:root:lp_test_pred: -0.49545174837112427
INFO:root:Epoch: 150
INFO:root:acc_test_pred: 0.7652778029441833
INFO:root:lp_test_pred: -0.49576497077941895
INFO:root:Epoch: 200
INFO:root:acc_test_pred: 0.7652778029441833
INFO:root:lp_test_pred: -0.4957573711872101
INFO:root:Start to test!
INFO:root:Epoch: 50
INFO:root:acc_test_pred: 0.7256944179534912
INFO:root:lp_test_pred: -0.5336389541625977
INFO:root:Epoch: 100
INFO:root:acc_test_pred: 0.7256944179534912
INFO:root:lp_test_pred: -0.5329147577285767
INFO:root:Epoch: 150
INFO:root:acc_test_pred: 0.7256944179534912
INFO:root:lp_test_pred: -0.5289896726608276
INFO:root:Epoch: 200
INFO:root:acc_test_pred: 0.7250000238418579
INFO:root:lp_test_pred: -0.5285279750823975
INFO:root:Start to test!
INFO:root:Epoch: 50
INFO:root:acc_test_pred: 0.7256944179534912
INFO:root:lp_test_pred: -0.554027795791626
INFO:root:Epoch: 100
INFO:root:acc_test_pred: 0.7298611402511597
INFO:root:lp_test_pred: -0.5498844385147095
INFO:root:Epoch: 150
INFO:root:acc_test_pred: 0.7298611402511597
INFO:root:lp_test_pred: -0.550645112991333
INFO:root:Epoch: 200
INFO:root:acc_test_pred: 0.7298611402511597
INFO:root:lp_test_pred: -0.5506553053855896
INFO:root:The mean of lp_test_pred_list = -0.5116478204727173
INFO:root:The std of lp_test_pred_list = 0.018705643713474274
INFO:root:The mean of lp_test_pred_list = 0.7468750476837158
INFO:root:The std of lp_test_pred_list = 0.014692871831357479
