INFO:root:Start to create graph!
INFO:root:Start to train!
INFO:root:Start to create graph!
INFO:root:Start to train!
INFO:root:Epoch: 500
INFO:root:elbo: -15538.763671875, F: -13352.3466796875, KL_U:2109.198486328125, KL_X:2248.70947265625, KL_ZX:0.07463353872299194
INFO:root:lp_train: -0.5401827096939087
INFO:root:Epoch: 1000
INFO:root:elbo: -15897.1669921875, F: -12958.572265625, KL_U:1229.05908203125, KL_X:1696.031494140625, KL_ZX:0.06751969456672668
INFO:root:lp_train: -0.51267009973526
INFO:root:Epoch: 1500
INFO:root:elbo: -14318.2958984375, F: -11650.6064453125, KL_U:1333.5548095703125, KL_X:1324.935546875, KL_ZX:0.04599510133266449
INFO:root:lp_train: -0.4520762860774994
INFO:root:Epoch: 2000
INFO:root:elbo: -13794.865234375, F: -11120.4794921875, KL_U:1421.0732421875, KL_X:1247.47900390625, KL_ZX:0.029165461659431458
INFO:root:lp_train: -0.42205217480659485
INFO:root:Epoch: 2500
INFO:root:elbo: -13626.1708984375, F: -10861.0, KL_U:1495.230224609375, KL_X:1266.3197021484375, KL_ZX:0.01810544729232788
INFO:root:lp_train: -0.40588313341140747
INFO:root:Epoch: 3000
INFO:root:elbo: -13500.6982421875, F: -10645.0205078125, KL_U:1554.921875, KL_X:1298.097900390625, KL_ZX:0.013288736343383789
INFO:root:lp_train: -0.39634081721305847
INFO:root:Epoch: 3500
INFO:root:elbo: -13448.64453125, F: -10527.3828125, KL_U:1596.618408203125, KL_X:1322.5303955078125, KL_ZX:0.010562285780906677
INFO:root:lp_train: -0.39026570320129395
INFO:root:Epoch: 4000
INFO:root:elbo: -13435.0830078125, F: -10464.1943359375, KL_U:1627.489501953125, KL_X:1341.49853515625, KL_ZX:0.009502992033958435
INFO:root:lp_train: -0.38602709770202637
INFO:root:Epoch: 4500
INFO:root:elbo: -13414.5068359375, F: -10416.439453125, KL_U:1642.649169921875, KL_X:1353.651611328125, KL_ZX:0.00883408635854721
INFO:root:lp_train: -0.3837936222553253
INFO:root:Epoch: 5000
INFO:root:elbo: -13375.65234375, F: -10356.8662109375, KL_U:1655.1943359375, KL_X:1361.938232421875, KL_ZX:0.008267685770988464
INFO:root:lp_train: -0.38218891620635986
INFO:root:Hyper-parameters in covariance functions is [[ 1.89412701  0.83086634  0.80832171]
 [ 1.63929117  0.9743346   0.62458396]
 [ 1.46232224  1.21319389  0.46117282]
 [ 2.06922388  1.63799167  0.38655144]
 [ 1.20997465  0.89594257  0.78462571]
 [ 2.79246569  1.25428224  0.66064382]
 [ 3.80424023  1.77574801  0.6289351 ]
 [ 2.2554493   2.71028948  0.59659618]
 [ 1.02870977  0.69376355  0.5918653 ]
 [ 1.81295323  0.66598457  0.76769799]
 [ 1.9864316   1.13874507  0.62899446]
 [ 1.68689382  0.66010451  0.92369032]
 [ 0.82313502  0.67906636  1.24608755]
 [ 1.5610621   0.67569631  0.6957283 ]
 [ 2.72175646  1.01155496  0.6328373 ]
 [ 2.95458317  1.31688344  0.70221984]
 [ 0.64780957  0.58301312  0.7099883 ]
 [ 1.11488283  0.71744168  0.64460361]
 [ 1.70447183  0.78747678  0.7308529 ]
 [ 2.28234076  0.50183773  2.32621598]
 [ 1.21581662  0.62816083  2.05176783]
 [ 1.12662649  0.57785022  0.6887145 ]
 [ 1.92827141  0.80397117  0.60672402]
 [ 2.09075761  0.76588762  0.81572515]
 [ 2.76928496  0.67752028  0.87568891]
 [ 1.31886387  0.74543512  0.54930681]
 [ 2.00995612  0.89275247  0.61436218]
 [ 2.09846425  0.81523865  0.83642101]
 [ 1.00927424  0.94610095  0.782493  ]
 [ 0.81394029  0.72751445  0.74039793]
 [ 0.99195683  0.68080401  0.89378911]
 [ 1.23304796  0.59265149  0.70632631]
 [ 2.60243273  0.78550911  0.94622737]
 [ 1.50590718  0.64746588  0.66398656]
 [ 2.10031366  0.58942682  0.65923989]
 [ 2.37240314  0.55515379  0.89107001]
 [ 0.93083781  0.51115984  0.89650542]
 [ 0.61730075  0.67558742  1.06648791]
 [ 0.96882546  0.67646796  1.09728611]
 [ 1.08660769  0.73767024  0.56871235]
 [ 2.78602004  0.9839772   0.92855066]
 [ 1.09117079  0.45073476  1.00386369]
 [ 1.3479867   0.51433587  1.4647243 ]
 [ 1.73949206  0.49238864  1.59870923]
 [ 1.308424    0.47690424  1.51165652]
 [ 0.92887151  0.41860008  1.44798493]
 [ 0.52523959  0.53284156  0.57656354]
 [ 0.71565771  0.70389509  0.67086142]
 [ 3.44510603  0.99388552  0.8960309 ]
 [ 1.93689585  1.85302997  1.58849347]
 [ 1.08397675  0.53989846  2.48625875]
 [ 1.07254863  0.52962714  1.2953794 ]
 [ 0.99788707  0.44916499  1.59998226]
 [ 0.75733232  0.50927192  0.81945872]
 [ 0.73966765  0.43730101  0.77278167]
 [ 1.01696682  0.55238187  0.76498532]
 [ 2.84700632  0.97778952  0.84495771]
 [ 1.35720837  1.27395058  1.22186041]
 [ 0.56140029  0.8966943   1.10341442]
 [ 1.47141027  0.48771119  1.43277144]
 [ 1.74297571  1.01582384  1.86849189]
 [ 1.32827806  0.99855387  0.56278825]
 [ 0.84206665  0.50907791  0.62041974]
 [ 1.411816    0.47952473  0.63900125]
 [ 1.68159246  0.89580131  0.71760881]
 [ 1.30976653  0.95457309  0.76614285]
 [ 1.23148322  0.60305685  0.82308996]
 [ 1.15757585  0.58616614  0.93552989]
 [ 1.25933182  0.79277587  0.69658744]
 [ 0.74737144  0.65905875  0.64438999]
 [ 0.73824537  0.48682925  0.65004545]
 [ 1.78861523  0.65314674  0.58834195]
 [ 1.92268991  1.14901197  0.59518552]
 [ 1.56321073  1.02318895  0.6247347 ]
 [ 2.41042399  0.91216254  0.74450272]
 [ 1.95847201  0.80830008  0.72351956]
 [ 1.59216189  0.83296877  0.62751895]
 [ 1.89831424  0.63142443  0.71127361]
 [ 0.96313882  0.58175337  0.63685274]
 [ 1.28227067  0.8033011   0.59445232]]
INFO:root:Standard deviations of variational distribution for embedding inputs are [[ 0.09449156  0.11086723]
 [ 0.08356445  0.09980768]
 [ 0.08107342  0.12466904]
 [ 0.08880191  0.10243291]
 [ 0.07959887  0.07226276]
 [ 0.09837313  0.09621309]
 [ 0.08995873  0.08362736]
 [ 0.09301722  0.08448022]
 [ 0.08676982  0.09302229]
 [ 0.07811386  0.06738257]
 [ 0.08135299  0.07235043]
 [ 0.09502348  0.08863618]
 [ 0.08679796  0.07415905]
 [ 0.08971432  0.07567237]
 [ 0.07690643  0.09159538]
 [ 0.09427859  0.10283428]
 [ 0.07742209  0.07646991]
 [ 0.09051389  0.0771297 ]
 [ 0.08616776  0.1204597 ]
 [ 0.09062596  0.08342311]
 [ 0.0784798   0.06713709]
 [ 0.08854929  0.09135415]
 [ 0.083809    0.08708134]
 [ 0.08675197  0.08585704]
 [ 0.09389254  0.09309971]
 [ 0.07446592  0.09581953]
 [ 0.08534999  0.09352738]
 [ 0.07739496  0.08911483]
 [ 0.10724807  0.13368392]
 [ 0.07589027  0.10361995]
 [ 0.11455996  0.09425901]
 [ 0.11759143  0.09860188]
 [ 0.1193492   0.09459966]
 [ 0.07270785  0.07164328]
 [ 0.10979553  0.09542267]
 [ 0.09136689  0.06830235]
 [ 0.08213024  0.07267915]
 [ 0.1283484   0.10336173]
 [ 0.10407201  0.08815153]
 [ 0.10564195  0.08802293]
 [ 0.1050473   0.09083247]
 [ 0.10029083  0.08912207]
 [ 0.08943433  0.06983284]
 [ 0.11846893  0.113623  ]
 [ 0.11792696  0.08342068]
 [ 0.09340738  0.07918297]
 [ 0.10346092  0.09007913]
 [ 0.09521155  0.07744879]
 [ 0.09505833  0.0725005 ]
 [ 0.09755652  0.0800421 ]
 [ 0.08240474  0.07618044]
 [ 0.10021387  0.07723017]
 [ 0.09202354  0.08600149]
 [ 0.08332081  0.07212746]
 [ 0.09094746  0.07648104]
 [ 0.0929777   0.0889432 ]
 [ 0.09546508  0.07615854]
 [ 0.11441087  0.10895459]
 [ 0.09574618  0.07190837]
 [ 0.11125696  0.08721103]
 [ 0.08158492  0.09867126]
 [ 0.09193509  0.09281724]
 [ 0.10109343  0.10852928]
 [ 0.08549496  0.1036429 ]
 [ 0.08835179  0.10978102]
 [ 0.07987328  0.14391884]
 [ 0.07878433  0.11591116]
 [ 0.07989701  0.09289601]
 [ 0.08995014  0.08683791]
 [ 0.08041234  0.09334205]
 [ 0.10827904  0.09315337]
 [ 0.08503111  0.09949139]
 [ 0.09521566  0.09595276]
 [ 0.09783307  0.07735397]
 [ 0.09675752  0.10879708]
 [ 0.08929067  0.09029621]
 [ 0.07728282  0.08888367]
 [ 0.07660636  0.10297371]
 [ 0.10095371  0.09279197]
 [ 0.08166934  0.07678245]
 [ 0.0884175   0.10762928]
 [ 0.08364744  0.11666795]
 [ 0.08136046  0.0923595 ]
 [ 0.08089387  0.08523644]
 [ 0.08233512  0.08586404]
 [ 0.08811209  0.09289982]
 [ 0.08583571  0.09910077]
 [ 0.08765531  0.09131935]
 [ 0.10046312  0.09056041]
 [ 0.11357138  0.07538049]
 [ 0.1018765   0.13507161]
 [ 0.11285673  0.09857217]
 [ 0.12984408  0.10371097]
 [ 0.09526007  0.1340383 ]
 [ 0.09906195  0.11248694]
 [ 0.08678321  0.14266708]
 [ 0.1172285   0.10672086]
 [ 0.14456373  0.08584775]
 [ 0.10120036  0.08270155]
 [ 0.08289902  0.12037776]
 [ 0.08489342  0.10359991]
 [ 0.09927108  0.09225237]
 [ 0.08342895  0.1251839 ]
 [ 0.08633007  0.08892329]
 [ 0.09299065  0.10619253]
 [ 0.09102974  0.15907714]
 [ 0.08536206  0.09316632]
 [ 0.10717676  0.09361253]
 [ 0.0785697   0.18218201]
 [ 0.08394094  0.12590814]
 [ 0.08345328  0.12251324]
 [ 0.10272734  0.101679  ]
 [ 0.09951077  0.10005192]
 [ 0.09598567  0.12394749]
 [ 0.09201278  0.081648  ]
 [ 0.09022231  0.10430583]
 [ 0.11927021  0.1129555 ]
 [ 0.09411199  0.11624663]
 [ 0.07414022  0.11319932]
 [ 0.08641538  0.07930717]
 [ 0.0838902   0.07831872]
 [ 0.07783176  0.07331775]
 [ 0.08980218  0.09682526]
 [ 0.10061464  0.10896493]
 [ 0.08944229  0.09039748]
 [ 0.08917536  0.08396402]
 [ 0.1095781   0.11524062]
 [ 0.1140821   0.11710447]
 [ 0.11728259  0.11770494]
 [ 0.18104973  0.09532046]
 [ 0.11050564  0.12110789]
 [ 0.07679814  0.07069808]
 [ 0.10836995  0.10152901]
 [ 0.09815328  0.09335968]
 [ 0.09684273  0.0919731 ]
 [ 0.10943834  0.12417637]
 [ 0.11085772  0.11775872]
 [ 0.10641935  0.10429425]
 [ 0.10456531  0.08052775]
 [ 0.12010244  0.15169327]
 [ 0.113947    0.09570825]
 [ 0.14985344  0.11945698]
 [ 0.12547596  0.11987392]
 [ 0.11996438  0.10749162]
 [ 0.12282059  0.13844304]
 [ 0.09902847  0.10149406]
 [ 0.0959845   0.11427374]
 [ 0.14628345  0.14863226]
 [ 0.12166566  0.09707783]
 [ 0.09348856  0.08660712]
 [ 0.08452732  0.09546585]
 [ 0.07825688  0.08139587]
 [ 0.08056939  0.07588296]
 [ 0.08788028  0.1070153 ]
 [ 0.13511412  0.07952736]
 [ 0.09230994  0.08022827]
 [ 0.07212035  0.07771714]
 [ 0.08069335  0.08001328]
 [ 0.077488    0.07781164]
 [ 0.08298731  0.08914405]
 [ 0.08105204  0.08893368]
 [ 0.08985041  0.07277646]
 [ 0.10428614  0.09745994]
 [ 0.09934907  0.08696239]
 [ 0.09604667  0.11779896]
 [ 0.07693115  0.08682613]
 [ 0.08262117  0.0908633 ]
 [ 0.11203539  0.09501866]
 [ 0.08655824  0.10630496]
 [ 0.13847706  0.12576623]
 [ 0.08716881  0.09656163]
 [ 0.09192606  0.11357937]
 [ 0.09324703  0.08279291]
 [ 0.09608807  0.09216546]
 [ 0.08159748  0.08061929]
 [ 0.07766882  0.08161474]
 [ 0.08672023  0.08793211]
 [ 0.09687068  0.10446307]
 [ 0.08902449  0.09003249]
 [ 0.09857083  0.12186592]
 [ 0.10160439  0.10974734]
 [ 0.08229294  0.07542993]
 [ 0.07626563  0.09887491]
 [ 0.0687286   0.08083066]
 [ 0.10171463  0.10106032]
 [ 0.08706942  0.09913506]
 [ 0.10169852  0.12799938]
 [ 0.13541146  0.14418775]
 [ 0.11331387  0.11272951]
 [ 0.08903351  0.08973453]
 [ 0.0823628   0.07034485]
 [ 0.08367708  0.07997391]
 [ 0.12344704  0.11980123]
 [ 0.09615732  0.12044338]
 [ 0.07953129  0.09829511]
 [ 0.12261274  0.11733501]
 [ 0.10608329  0.13045929]
 [ 0.09106085  0.10395065]
 [ 0.09987338  0.11253345]
 [ 0.10972102  0.12735304]
 [ 0.09028444  0.10841425]
 [ 0.11103529  0.12115078]
 [ 0.0718654   0.06901722]
 [ 0.09971853  0.14488398]
 [ 0.10145289  0.06757063]
 [ 0.11360182  0.13147551]
 [ 0.10738744  0.12830345]
 [ 0.10393112  0.11998975]
 [ 0.07523825  0.08627435]
 [ 0.10312626  0.12173742]
 [ 0.09221663  0.12389684]
 [ 0.08774024  0.09761102]
 [ 0.09008338  0.09858836]
 [ 0.08841948  0.10253012]
 [ 0.09228376  0.11721179]
 [ 0.09134139  0.11908554]
 [ 0.10550568  0.11672421]
 [ 0.0984339   0.11746827]
 [ 0.0944299   0.11286712]
 [ 0.09044467  0.11504099]
 [ 0.16054359  0.10362953]
 [ 0.09911641  0.14086433]
 [ 0.09232976  0.10207534]
 [ 0.0868541   0.09880624]
 [ 0.10330817  0.12262037]
 [ 0.0844081   0.1088932 ]
 [ 0.09331798  0.11475158]
 [ 0.09914976  0.10576057]
 [ 0.09378729  0.09885956]
 [ 0.10226861  0.08297509]
 [ 0.1018613   0.1370272 ]
 [ 0.09357321  0.10684192]
 [ 0.10111859  0.11840844]
 [ 0.09138922  0.11522798]
 [ 0.0830151   0.08444105]
 [ 0.09446047  0.10645711]
 [ 0.10214927  0.10893875]
 [ 0.09707116  0.09263249]
 [ 0.09874318  0.09750155]
 [ 0.09285137  0.11487104]
 [ 0.10771754  0.1262408 ]
 [ 0.09293143  0.0971315 ]
 [ 0.11026528  0.12362641]
 [ 0.1018784   0.09333685]
 [ 0.10424898  0.09414139]
 [ 0.11534059  0.13145174]
 [ 0.11722311  0.10628627]
 [ 0.07554987  0.07888261]
 [ 0.11066571  0.08354659]
 [ 0.09800594  0.13757628]
 [ 0.08448982  0.13820608]
 [ 0.09069385  0.12059234]
 [ 0.09241842  0.09454286]
 [ 0.07483216  0.09852384]
 [ 0.08604778  0.13499276]
 [ 0.07517047  0.08402818]
 [ 0.09512072  0.10619405]
 [ 0.08405028  0.08667657]
 [ 0.07834873  0.12134929]
 [ 0.09770372  0.14841613]
 [ 0.0952759   0.0813645 ]
 [ 0.12081805  0.1029977 ]
 [ 0.1064863   0.07588985]
 [ 0.12164104  0.07860015]
 [ 0.11082548  0.10452758]
 [ 0.10116494  0.12044634]
 [ 0.09807006  0.09460395]
 [ 0.11881232  0.09377275]
 [ 0.0747894   0.12423243]
 [ 0.08459038  0.08738411]
 [ 0.08026613  0.1195031 ]
 [ 0.11863923  0.09883506]
 [ 0.08065352  0.09842578]
 [ 0.07748752  0.13774933]
 [ 0.07476819  0.09554826]
 [ 0.08722833  0.08792567]
 [ 0.09698316  0.09332955]
 [ 0.09675694  0.10580625]
 [ 0.08377138  0.11287057]
 [ 0.07279594  0.11352311]
 [ 0.10182318  0.0875813 ]
 [ 0.08116823  0.13998553]
 [ 0.1029256   0.0943278 ]
 [ 0.08992891  0.09445339]
 [ 0.08673297  0.09231499]
 [ 0.0881294   0.10126425]
 [ 0.0872172   0.09433214]
 [ 0.1205212   0.10102707]
 [ 0.08133224  0.09729007]
 [ 0.08122507  0.10750297]
 [ 0.08228973  0.10854017]
 [ 0.0767224   0.09993598]
 [ 0.10132994  0.10632655]
 [ 0.07266877  0.10304085]
 [ 0.08363711  0.09678207]
 [ 0.08111526  0.09954254]
 [ 0.08640616  0.10915376]
 [ 0.10590833  0.09583054]
 [ 0.10053577  0.08729047]
 [ 0.10242169  0.10798326]]
INFO:root:Standard deviations of prior distribution for embedding inputs are 1.0
INFO:root:Start to create graph!
INFO:tensorflow:Restoring parameters from ./model/model_tem.ckpt
INFO:root:Start to test!
INFO:root:Epoch: 50
INFO:root:acc_test_pred: 0.7562500238418579
INFO:root:lp_test_pred: -0.5136756300926208
INFO:root:Epoch: 100
INFO:root:acc_test_pred: 0.7562500238418579
INFO:root:lp_test_pred: -0.513897716999054
INFO:root:Epoch: 150
INFO:root:acc_test_pred: 0.7541666626930237
INFO:root:lp_test_pred: -0.5108641982078552
INFO:root:Epoch: 200
INFO:root:acc_test_pred: 0.7541666626930237
INFO:root:lp_test_pred: -0.509975790977478
INFO:root:Start to test!
INFO:root:Epoch: 50
INFO:root:acc_test_pred: 0.7777777910232544
INFO:root:lp_test_pred: -0.494925856590271
INFO:root:Epoch: 100
INFO:root:acc_test_pred: 0.7749999761581421
INFO:root:lp_test_pred: -0.491494745016098
INFO:root:Epoch: 150
INFO:root:acc_test_pred: 0.7743055820465088
INFO:root:lp_test_pred: -0.4891605079174042
INFO:root:Epoch: 200
INFO:root:acc_test_pred: 0.7743055820465088
INFO:root:lp_test_pred: -0.4890998899936676
INFO:root:Start to test!
INFO:root:Epoch: 50
INFO:root:acc_test_pred: 0.7534722089767456
INFO:root:lp_test_pred: -0.5319228172302246
INFO:root:Epoch: 100
INFO:root:acc_test_pred: 0.7527777552604675
INFO:root:lp_test_pred: -0.5298750400543213
INFO:root:Epoch: 150
INFO:root:acc_test_pred: 0.7520833611488342
INFO:root:lp_test_pred: -0.5300400257110596
INFO:root:Epoch: 200
INFO:root:acc_test_pred: 0.7520833611488342
INFO:root:lp_test_pred: -0.5300373435020447
INFO:root:Start to test!
INFO:root:Epoch: 50
INFO:root:acc_test_pred: 0.7347221970558167
INFO:root:lp_test_pred: -0.5277426242828369
INFO:root:Epoch: 100
INFO:root:acc_test_pred: 0.7326388955116272
INFO:root:lp_test_pred: -0.5256971120834351
INFO:root:Epoch: 150
INFO:root:acc_test_pred: 0.7319444417953491
INFO:root:lp_test_pred: -0.5253037214279175
INFO:root:Epoch: 200
INFO:root:acc_test_pred: 0.7319444417953491
INFO:root:lp_test_pred: -0.5252208113670349
INFO:root:Start to test!
INFO:root:Epoch: 50
INFO:root:acc_test_pred: 0.7513889074325562
INFO:root:lp_test_pred: -0.5241034030914307
INFO:root:Epoch: 100
INFO:root:acc_test_pred: 0.7541666626930237
INFO:root:lp_test_pred: -0.523880660533905
INFO:root:Epoch: 150
INFO:root:acc_test_pred: 0.7562500238418579
INFO:root:lp_test_pred: -0.5240465998649597
INFO:root:Epoch: 200
INFO:root:acc_test_pred: 0.7555555701255798
INFO:root:lp_test_pred: -0.524205207824707
INFO:root:Start to test!
INFO:root:Epoch: 50
INFO:root:acc_test_pred: 0.7409722208976746
INFO:root:lp_test_pred: -0.5245665907859802
INFO:root:Epoch: 100
INFO:root:acc_test_pred: 0.7395833134651184
INFO:root:lp_test_pred: -0.5221830010414124
INFO:root:Epoch: 150
INFO:root:acc_test_pred: 0.7402777671813965
INFO:root:lp_test_pred: -0.5217394232749939
INFO:root:Epoch: 200
INFO:root:acc_test_pred: 0.7402777671813965
INFO:root:lp_test_pred: -0.5225489139556885
INFO:root:Start to test!
INFO:root:Epoch: 50
INFO:root:acc_test_pred: 0.7673611044883728
INFO:root:lp_test_pred: -0.5030359029769897
INFO:root:Epoch: 100
INFO:root:acc_test_pred: 0.769444465637207
INFO:root:lp_test_pred: -0.5030277967453003
INFO:root:Epoch: 150
INFO:root:acc_test_pred: 0.7680555582046509
INFO:root:lp_test_pred: -0.5043112635612488
INFO:root:Epoch: 200
INFO:root:acc_test_pred: 0.768750011920929
INFO:root:lp_test_pred: -0.5043049454689026
INFO:root:Start to test!
INFO:root:Epoch: 50
INFO:root:acc_test_pred: 0.7548611164093018
INFO:root:lp_test_pred: -0.5107425451278687
INFO:root:Epoch: 100
INFO:root:acc_test_pred: 0.7569444179534912
INFO:root:lp_test_pred: -0.5094295740127563
INFO:root:Epoch: 150
INFO:root:acc_test_pred: 0.7562500238418579
INFO:root:lp_test_pred: -0.5091958045959473
INFO:root:Epoch: 200
INFO:root:acc_test_pred: 0.7555555701255798
INFO:root:lp_test_pred: -0.5092239379882812
INFO:root:Start to test!
INFO:root:Epoch: 50
INFO:root:acc_test_pred: 0.7437499761581421
INFO:root:lp_test_pred: -0.524574875831604
INFO:root:Epoch: 100
INFO:root:acc_test_pred: 0.7430555820465088
INFO:root:lp_test_pred: -0.519340455532074
INFO:root:Epoch: 150
INFO:root:acc_test_pred: 0.7437499761581421
INFO:root:lp_test_pred: -0.5182292461395264
INFO:root:Epoch: 200
INFO:root:acc_test_pred: 0.7437499761581421
INFO:root:lp_test_pred: -0.5181742906570435
INFO:root:Start to test!
INFO:root:Epoch: 50
INFO:root:acc_test_pred: 0.7458333373069763
INFO:root:lp_test_pred: -0.5458653569221497
INFO:root:Epoch: 100
INFO:root:acc_test_pred: 0.7451388835906982
INFO:root:lp_test_pred: -0.5451752543449402
INFO:root:Epoch: 150
INFO:root:acc_test_pred: 0.7444444298744202
INFO:root:lp_test_pred: -0.5448082089424133
INFO:root:Epoch: 200
INFO:root:acc_test_pred: 0.7423611283302307
INFO:root:lp_test_pred: -0.5446577072143555
INFO:root:The mean of lp_test_pred_list = -0.5177448391914368
INFO:root:The std of lp_test_pred_list = 0.014595978893339634
INFO:root:The mean of lp_test_pred_list = 0.7518750429153442
INFO:root:The std of lp_test_pred_list = 0.012282255105674267
